{
  "stats": {
    "suites": 79,
    "tests": 90,
    "passes": 16,
    "pending": 0,
    "failures": 15,
    "start": "2022-11-26T19:24:28.339Z",
    "end": "2022-11-30T15:23:11.734Z",
    "duration": 100420,
    "testsRegistered": 90,
    "passPercent": 17.77777777777778,
    "pendingPercent": 0,
    "other": 0,
    "hasOther": false,
    "skipped": 59,
    "hasSkipped": true
  },
  "results": [
    {
      "uuid": "0f1074d1-1f63-4a57-b38f-9c0d4bd16974",
      "title": "",
      "fullFile": "cypress\\e2e\\test\\login.cy.js",
      "file": "cypress\\e2e\\test\\login.cy.js",
      "beforeHooks": [],
      "afterHooks": [],
      "tests": [],
      "suites": [
        {
          "uuid": "59c0b97a-f7df-4410-9f18-77023aeb26f7",
          "title": "login",
          "fullFile": "",
          "file": "",
          "beforeHooks": [],
          "afterHooks": [],
          "tests": [
            {
              "title": "Should login with valid credentials",
              "fullTitle": "login Should login with valid credentials",
              "timedOut": null,
              "duration": 1538,
              "state": "passed",
              "speed": "fast",
              "pass": true,
              "fail": false,
              "pending": false,
              "context": null,
              "code": "_login.default.login('standard_user', 'secret_sauce');\ncy.get('.inventory_item_name').should('be.visible');",
              "err": {},
              "uuid": "a72a386f-69a3-4590-b0a2-3bbee81bb2d6",
              "parentUUID": "59c0b97a-f7df-4410-9f18-77023aeb26f7",
              "isHook": false,
              "skipped": false
            }
          ],
          "suites": [],
          "passes": [
            "a72a386f-69a3-4590-b0a2-3bbee81bb2d6"
          ],
          "failures": [],
          "pending": [],
          "skipped": [],
          "duration": 1538,
          "root": false,
          "rootEmpty": false,
          "_timeout": 2000
        }
      ],
      "passes": [],
      "failures": [],
      "pending": [],
      "skipped": [],
      "duration": 0,
      "root": true,
      "rootEmpty": true,
      "_timeout": 2000
    },
    {
      "uuid": "a557d576-8f73-4f47-88b6-8ee0234d438e",
      "title": "",
      "fullFile": "cypress\\e2e\\test\\addToCart.cy.js",
      "file": "cypress\\e2e\\test\\addToCart.cy.js",
      "beforeHooks": [],
      "afterHooks": [],
      "tests": [],
      "suites": [
        {
          "uuid": "5a36c682-02aa-461c-8980-113f5aebb546",
          "title": "Add To Cart",
          "fullFile": "",
          "file": "",
          "beforeHooks": [],
          "afterHooks": [],
          "tests": [
            {
              "title": "Should add an Item to cart",
              "fullTitle": "Add To Cart Should add an Item to cart",
              "timedOut": null,
              "duration": 1609,
              "state": "passed",
              "speed": "fast",
              "pass": true,
              "fail": false,
              "pending": false,
              "context": null,
              "code": "_addToCart.default.addToCart('standard_user', 'secret_sauce');\ncy.get('#add-to-cart-sauce-labs-fleece-jacket').should('be.visible');",
              "err": {},
              "uuid": "9f2edd0e-ac66-4919-9657-f4f7e3961f9a",
              "parentUUID": "5a36c682-02aa-461c-8980-113f5aebb546",
              "isHook": false,
              "skipped": false
            },
            {
              "title": "Should add multiple items to cart",
              "fullTitle": "Add To Cart Should add multiple items to cart",
              "timedOut": null,
              "duration": 1492,
              "state": "failed",
              "speed": null,
              "pass": false,
              "fail": true,
              "pending": false,
              "context": null,
              "code": "_addToCart.default.addToCartMultiple('standard_user', 'secret_sauce');\ncy.get('#add-to-cart-sauce-labs-backpack', '#add-to-cart-sauce-labs-fleece-jacket', '#add-to-cart-sauce-labs-bike-light').should('be.visible');",
              "err": {
                "message": "CypressError: `cy.get()` only accepts an options object for its second argument. You passed #add-to-cart-sauce-labs-fleece-jacket\n\nhttps://on.cypress.io/get",
                "estack": "CypressError: `cy.get()` only accepts an options object for its second argument. You passed #add-to-cart-sauce-labs-fleece-jacket\n\nhttps://on.cypress.io/get\n    at Context.get (https://www.saucedemo.com/__cypress/runner/cypress_runner.js:143115:85)\n    at wrapped (https://www.saucedemo.com/__cypress/runner/cypress_runner.js:157809:43)\nFrom Your Spec Code:\n    at Context.eval (webpack:///./cypress/e2e/test/addToCart.cy.js:17:11)",
                "diff": null
              },
              "uuid": "09a29380-f04d-4167-bf5c-ae3bb87499f5",
              "parentUUID": "5a36c682-02aa-461c-8980-113f5aebb546",
              "isHook": false,
              "skipped": false
            }
          ],
          "suites": [],
          "passes": [
            "9f2edd0e-ac66-4919-9657-f4f7e3961f9a"
          ],
          "failures": [
            "09a29380-f04d-4167-bf5c-ae3bb87499f5"
          ],
          "pending": [],
          "skipped": [],
          "duration": 3101,
          "root": false,
          "rootEmpty": false,
          "_timeout": 2000
        }
      ],
      "passes": [],
      "failures": [],
      "pending": [],
      "skipped": [],
      "duration": 0,
      "root": true,
      "rootEmpty": true,
      "_timeout": 2000
    },
    {
      "uuid": "f2e141f9-4ae1-48b7-a087-83e704552f2c",
      "title": "",
      "fullFile": "cypress\\e2e\\test\\login.cy.js",
      "file": "cypress\\e2e\\test\\login.cy.js",
      "beforeHooks": [],
      "afterHooks": [],
      "tests": [],
      "suites": [
        {
          "uuid": "974a77a4-889e-4c39-a2ab-b64d5c2bf16e",
          "title": "login",
          "fullFile": "",
          "file": "",
          "beforeHooks": [],
          "afterHooks": [],
          "tests": [
            {
              "title": "Should login with valid credentials",
              "fullTitle": "login Should login with valid credentials",
              "timedOut": null,
              "duration": 0,
              "state": "pending",
              "speed": null,
              "pass": false,
              "fail": false,
              "pending": false,
              "context": null,
              "code": "_login.default.login('standard_user', 'secret_sauce');\ncy.get('.inventory_item_name').should('be.visible');",
              "err": {},
              "uuid": "1fdd7d89-745a-4d7e-a0fc-c07542ee4692",
              "parentUUID": "974a77a4-889e-4c39-a2ab-b64d5c2bf16e",
              "isHook": false,
              "skipped": true
            }
          ],
          "suites": [],
          "passes": [],
          "failures": [],
          "pending": [],
          "skipped": [
            "1fdd7d89-745a-4d7e-a0fc-c07542ee4692"
          ],
          "duration": 0,
          "root": false,
          "rootEmpty": false,
          "_timeout": 2000
        }
      ],
      "passes": [],
      "failures": [],
      "pending": [],
      "skipped": [],
      "duration": 0,
      "root": true,
      "rootEmpty": true,
      "_timeout": 2000
    },
    {
      "uuid": "9d770eb5-1cc1-4d9e-b483-7fbc43b12f88",
      "title": "",
      "fullFile": "cypress\\e2e\\test\\addToCart.cy.js",
      "file": "cypress\\e2e\\test\\addToCart.cy.js",
      "beforeHooks": [],
      "afterHooks": [],
      "tests": [],
      "suites": [
        {
          "uuid": "4a07c167-6284-4e92-abf1-a264cb4f122a",
          "title": "Add To Cart",
          "fullFile": "",
          "file": "",
          "beforeHooks": [],
          "afterHooks": [],
          "tests": [
            {
              "title": "Should add an Item to cart",
              "fullTitle": "Add To Cart Should add an Item to cart",
              "timedOut": null,
              "duration": 0,
              "state": "pending",
              "speed": null,
              "pass": false,
              "fail": false,
              "pending": false,
              "context": null,
              "code": "_addToCart.default.addToCart('standard_user', 'secret_sauce');\ncy.get('#add-to-cart-sauce-labs-fleece-jacket').should('be.visible');",
              "err": {},
              "uuid": "494adcbe-9b31-4544-a847-080621ac371b",
              "parentUUID": "4a07c167-6284-4e92-abf1-a264cb4f122a",
              "isHook": false,
              "skipped": true
            }
          ],
          "suites": [],
          "passes": [],
          "failures": [],
          "pending": [],
          "skipped": [
            "494adcbe-9b31-4544-a847-080621ac371b"
          ],
          "duration": 0,
          "root": false,
          "rootEmpty": false,
          "_timeout": 2000
        }
      ],
      "passes": [],
      "failures": [],
      "pending": [],
      "skipped": [],
      "duration": 0,
      "root": true,
      "rootEmpty": true,
      "_timeout": 2000
    },
    {
      "uuid": "c1a0d581-32dc-45d1-83f4-1bc12e57cb13",
      "title": "",
      "fullFile": "cypress\\e2e\\test\\addToCartMltple.cy.js",
      "file": "cypress\\e2e\\test\\addToCartMltple.cy.js",
      "beforeHooks": [],
      "afterHooks": [],
      "tests": [],
      "suites": [
        {
          "uuid": "342d10fb-f99e-4321-84c3-32ae93c2d862",
          "title": "Add To Cart",
          "fullFile": "",
          "file": "",
          "beforeHooks": [],
          "afterHooks": [],
          "tests": [
            {
              "title": "Should add multiple items to cart",
              "fullTitle": "Add To Cart Should add multiple items to cart",
              "timedOut": null,
              "duration": 1035,
              "state": "failed",
              "speed": null,
              "pass": false,
              "fail": true,
              "pending": false,
              "context": null,
              "code": "_addToCartMltple.default.addToCartMultiple('standard_user', 'secret_sauce');\ncy.get('#add-to-cart-sauce-labs-backpack', '#add-to-cart-sauce-labs-fleece-jacket', '#add-to-cart-sauce-labs-bike-light').should('be.visible');",
              "err": {
                "message": "TypeError: _addToCartMltple.default.addToCartMultiple is not a function",
                "estack": "TypeError: _addToCartMltple.default.addToCartMultiple is not a function\n    at Context.eval (webpack:///./cypress/e2e/test/addToCartMltple.cy.js:10:22)",
                "diff": null
              },
              "uuid": "eb3ee6ba-d6ef-445e-a1ed-e915002af698",
              "parentUUID": "342d10fb-f99e-4321-84c3-32ae93c2d862",
              "isHook": false,
              "skipped": false
            }
          ],
          "suites": [],
          "passes": [],
          "failures": [
            "eb3ee6ba-d6ef-445e-a1ed-e915002af698"
          ],
          "pending": [],
          "skipped": [],
          "duration": 1035,
          "root": false,
          "rootEmpty": false,
          "_timeout": 2000
        }
      ],
      "passes": [],
      "failures": [],
      "pending": [],
      "skipped": [],
      "duration": 0,
      "root": true,
      "rootEmpty": true,
      "_timeout": 2000
    },
    {
      "uuid": "e20dd369-7015-4e1c-ade2-e97f0c3edc8a",
      "title": "",
      "fullFile": "cypress\\e2e\\test\\login.cy.js",
      "file": "cypress\\e2e\\test\\login.cy.js",
      "beforeHooks": [],
      "afterHooks": [],
      "tests": [],
      "suites": [
        {
          "uuid": "61bd262e-bab0-43ac-9131-3818b8bc238f",
          "title": "login",
          "fullFile": "",
          "file": "",
          "beforeHooks": [],
          "afterHooks": [],
          "tests": [
            {
              "title": "Should login with valid credentials",
              "fullTitle": "login Should login with valid credentials",
              "timedOut": null,
              "duration": 0,
              "state": "pending",
              "speed": null,
              "pass": false,
              "fail": false,
              "pending": false,
              "context": null,
              "code": "_login.default.login('standard_user', 'secret_sauce');\ncy.get('.inventory_item_name').should('be.visible');",
              "err": {},
              "uuid": "7c8f4eba-d895-45ce-8fc0-a2399ac813e8",
              "parentUUID": "61bd262e-bab0-43ac-9131-3818b8bc238f",
              "isHook": false,
              "skipped": true
            }
          ],
          "suites": [],
          "passes": [],
          "failures": [],
          "pending": [],
          "skipped": [
            "7c8f4eba-d895-45ce-8fc0-a2399ac813e8"
          ],
          "duration": 0,
          "root": false,
          "rootEmpty": false,
          "_timeout": 2000
        }
      ],
      "passes": [],
      "failures": [],
      "pending": [],
      "skipped": [],
      "duration": 0,
      "root": true,
      "rootEmpty": true,
      "_timeout": 2000
    },
    {
      "uuid": "c5e653a2-45d8-4acb-aeac-b0643fc1b8c0",
      "title": "",
      "fullFile": "cypress\\e2e\\test\\addToCart.cy.js",
      "file": "cypress\\e2e\\test\\addToCart.cy.js",
      "beforeHooks": [],
      "afterHooks": [],
      "tests": [],
      "suites": [
        {
          "uuid": "080f679d-5e05-461f-a922-b9a294a49162",
          "title": "Add To Cart",
          "fullFile": "",
          "file": "",
          "beforeHooks": [],
          "afterHooks": [],
          "tests": [
            {
              "title": "Should add an Item to cart",
              "fullTitle": "Add To Cart Should add an Item to cart",
              "timedOut": null,
              "duration": 0,
              "state": "pending",
              "speed": null,
              "pass": false,
              "fail": false,
              "pending": false,
              "context": null,
              "code": "_addToCart.default.addToCart('standard_user', 'secret_sauce');\ncy.get('#add-to-cart-sauce-labs-fleece-jacket').should('be.visible');",
              "err": {},
              "uuid": "40636adc-a16d-4f55-8e00-e7964daa1c4c",
              "parentUUID": "080f679d-5e05-461f-a922-b9a294a49162",
              "isHook": false,
              "skipped": true
            }
          ],
          "suites": [],
          "passes": [],
          "failures": [],
          "pending": [],
          "skipped": [
            "40636adc-a16d-4f55-8e00-e7964daa1c4c"
          ],
          "duration": 0,
          "root": false,
          "rootEmpty": false,
          "_timeout": 2000
        }
      ],
      "passes": [],
      "failures": [],
      "pending": [],
      "skipped": [],
      "duration": 0,
      "root": true,
      "rootEmpty": true,
      "_timeout": 2000
    },
    {
      "uuid": "c73d56b3-4c2e-4c26-a3fc-8d78bbd96ac2",
      "title": "",
      "fullFile": "cypress\\e2e\\test\\addToCartMltple.cy.js",
      "file": "cypress\\e2e\\test\\addToCartMltple.cy.js",
      "beforeHooks": [],
      "afterHooks": [],
      "tests": [],
      "suites": [
        {
          "uuid": "259bae94-6881-43b5-af15-ad0114a4221e",
          "title": "Add To Cart",
          "fullFile": "",
          "file": "",
          "beforeHooks": [],
          "afterHooks": [],
          "tests": [
            {
              "title": "Should add multiple items to cart",
              "fullTitle": "Add To Cart Should add multiple items to cart",
              "timedOut": null,
              "duration": 927,
              "state": "failed",
              "speed": null,
              "pass": false,
              "fail": true,
              "pending": false,
              "context": null,
              "code": "_addToCartMltple.default.addToCartMultiple('standard_user', 'secret_sauce');\ncy.get('#add-to-cart-sauce-labs-backpack').should('be.visible');\ncy.get('#add-to-cart-sauce-labs-fleece-jacket').should('be.visible');\ncy.get('#add-to-cart-sauce-labs-bike-light').should('be.visible');",
              "err": {
                "message": "TypeError: _addToCartMltple.default.addToCartMultiple is not a function",
                "estack": "TypeError: _addToCartMltple.default.addToCartMultiple is not a function\n    at Context.eval (webpack:///./cypress/e2e/test/addToCartMltple.cy.js:10:22)",
                "diff": null
              },
              "uuid": "c485106f-7f8f-4f29-9a5f-3109e3cb56cc",
              "parentUUID": "259bae94-6881-43b5-af15-ad0114a4221e",
              "isHook": false,
              "skipped": false
            }
          ],
          "suites": [],
          "passes": [],
          "failures": [
            "c485106f-7f8f-4f29-9a5f-3109e3cb56cc"
          ],
          "pending": [],
          "skipped": [],
          "duration": 927,
          "root": false,
          "rootEmpty": false,
          "_timeout": 2000
        }
      ],
      "passes": [],
      "failures": [],
      "pending": [],
      "skipped": [],
      "duration": 0,
      "root": true,
      "rootEmpty": true,
      "_timeout": 2000
    },
    {
      "uuid": "14fc0aac-a89e-4392-892a-0e2c3f5c0787",
      "title": "",
      "fullFile": "cypress\\e2e\\test\\login.cy.js",
      "file": "cypress\\e2e\\test\\login.cy.js",
      "beforeHooks": [],
      "afterHooks": [],
      "tests": [],
      "suites": [
        {
          "uuid": "e542d553-7a79-4992-942f-f4ad8ba791a2",
          "title": "login",
          "fullFile": "",
          "file": "",
          "beforeHooks": [],
          "afterHooks": [],
          "tests": [
            {
              "title": "Should login with valid credentials",
              "fullTitle": "login Should login with valid credentials",
              "timedOut": null,
              "duration": 0,
              "state": "pending",
              "speed": null,
              "pass": false,
              "fail": false,
              "pending": false,
              "context": null,
              "code": "_login.default.login('standard_user', 'secret_sauce');\ncy.get('.inventory_item_name').should('be.visible');",
              "err": {},
              "uuid": "1db11828-32f9-4ba3-be4f-4df45f5991be",
              "parentUUID": "e542d553-7a79-4992-942f-f4ad8ba791a2",
              "isHook": false,
              "skipped": true
            }
          ],
          "suites": [],
          "passes": [],
          "failures": [],
          "pending": [],
          "skipped": [
            "1db11828-32f9-4ba3-be4f-4df45f5991be"
          ],
          "duration": 0,
          "root": false,
          "rootEmpty": false,
          "_timeout": 2000
        }
      ],
      "passes": [],
      "failures": [],
      "pending": [],
      "skipped": [],
      "duration": 0,
      "root": true,
      "rootEmpty": true,
      "_timeout": 2000
    },
    {
      "uuid": "a272dd0c-4fba-4721-86a6-022b00732c38",
      "title": "",
      "fullFile": "cypress\\e2e\\test\\addToCart.cy.js",
      "file": "cypress\\e2e\\test\\addToCart.cy.js",
      "beforeHooks": [],
      "afterHooks": [],
      "tests": [],
      "suites": [
        {
          "uuid": "0c13c94a-f286-4f8c-b414-ae51553d7784",
          "title": "Add To Cart",
          "fullFile": "",
          "file": "",
          "beforeHooks": [],
          "afterHooks": [],
          "tests": [
            {
              "title": "Should add an Item to cart",
              "fullTitle": "Add To Cart Should add an Item to cart",
              "timedOut": null,
              "duration": 0,
              "state": "pending",
              "speed": null,
              "pass": false,
              "fail": false,
              "pending": false,
              "context": null,
              "code": "_addToCart.default.addToCart('standard_user', 'secret_sauce');\ncy.get('#add-to-cart-sauce-labs-fleece-jacket').should('be.visible');",
              "err": {},
              "uuid": "ffa71caf-01fe-417f-a44e-53a80c734268",
              "parentUUID": "0c13c94a-f286-4f8c-b414-ae51553d7784",
              "isHook": false,
              "skipped": true
            }
          ],
          "suites": [],
          "passes": [],
          "failures": [],
          "pending": [],
          "skipped": [
            "ffa71caf-01fe-417f-a44e-53a80c734268"
          ],
          "duration": 0,
          "root": false,
          "rootEmpty": false,
          "_timeout": 2000
        }
      ],
      "passes": [],
      "failures": [],
      "pending": [],
      "skipped": [],
      "duration": 0,
      "root": true,
      "rootEmpty": true,
      "_timeout": 2000
    },
    {
      "uuid": "20e3d34b-f05a-465c-82ef-bc371e21bf4f",
      "title": "",
      "fullFile": "cypress\\e2e\\test\\addToCartMltple.cy.js",
      "file": "cypress\\e2e\\test\\addToCartMltple.cy.js",
      "beforeHooks": [],
      "afterHooks": [],
      "tests": [],
      "suites": [
        {
          "uuid": "304abceb-264a-4d49-b475-17a1a2e93ad5",
          "title": "Add To Cart Multiple",
          "fullFile": "",
          "file": "",
          "beforeHooks": [],
          "afterHooks": [],
          "tests": [
            {
              "title": "Should add multiple items to cart",
              "fullTitle": "Add To Cart Multiple Should add multiple items to cart",
              "timedOut": null,
              "duration": 6084,
              "state": "failed",
              "speed": null,
              "pass": false,
              "fail": true,
              "pending": false,
              "context": null,
              "code": "_addToCartMltple.default.addToCartMultiple('standard_user', 'secret_sauce');\ncy.get('#add-to-cart-sauce-labs-backpack').should('be.visible');\ncy.get('#add-to-cart-sauce-labs-fleece-jacket').should('be.visible');\ncy.get('#add-to-cart-sauce-labs-bike-light').should('be.visible');",
              "err": {
                "message": "AssertionError: Timed out retrying after 4000ms: Expected to find element: `[name=\"add-to-cart-sauce-labs-bike-light]`, but never found it.",
                "estack": "AssertionError: Timed out retrying after 4000ms: Expected to find element: `[name=\"add-to-cart-sauce-labs-bike-light]`, but never found it.\n    at addToCartMultiple (webpack:///./cypress/e2e/page/addToCartMltple.page.js:17:11)\n    at Context.eval (webpack:///./cypress/e2e/test/addToCartMltple.cy.js:10:30)",
                "diff": null
              },
              "uuid": "78334d63-a2f0-40ff-8858-cdc86a44fd80",
              "parentUUID": "304abceb-264a-4d49-b475-17a1a2e93ad5",
              "isHook": false,
              "skipped": false
            }
          ],
          "suites": [],
          "passes": [],
          "failures": [
            "78334d63-a2f0-40ff-8858-cdc86a44fd80"
          ],
          "pending": [],
          "skipped": [],
          "duration": 6084,
          "root": false,
          "rootEmpty": false,
          "_timeout": 2000
        }
      ],
      "passes": [],
      "failures": [],
      "pending": [],
      "skipped": [],
      "duration": 0,
      "root": true,
      "rootEmpty": true,
      "_timeout": 2000
    },
    {
      "uuid": "bc43c7b0-01a6-46e4-a0c3-e4b82ecabaf9",
      "title": "",
      "fullFile": "cypress\\e2e\\test\\login.cy.js",
      "file": "cypress\\e2e\\test\\login.cy.js",
      "beforeHooks": [],
      "afterHooks": [],
      "tests": [],
      "suites": [
        {
          "uuid": "4db5d841-cc62-4643-a960-daa027387bdf",
          "title": "login",
          "fullFile": "",
          "file": "",
          "beforeHooks": [],
          "afterHooks": [],
          "tests": [
            {
              "title": "Should login with valid credentials",
              "fullTitle": "login Should login with valid credentials",
              "timedOut": null,
              "duration": 0,
              "state": "pending",
              "speed": null,
              "pass": false,
              "fail": false,
              "pending": false,
              "context": null,
              "code": "_login.default.login('standard_user', 'secret_sauce');\ncy.get('.inventory_item_name').should('be.visible');",
              "err": {},
              "uuid": "b10432f6-f1c3-4c06-b79f-a196b0c12f99",
              "parentUUID": "4db5d841-cc62-4643-a960-daa027387bdf",
              "isHook": false,
              "skipped": true
            }
          ],
          "suites": [],
          "passes": [],
          "failures": [],
          "pending": [],
          "skipped": [
            "b10432f6-f1c3-4c06-b79f-a196b0c12f99"
          ],
          "duration": 0,
          "root": false,
          "rootEmpty": false,
          "_timeout": 2000
        }
      ],
      "passes": [],
      "failures": [],
      "pending": [],
      "skipped": [],
      "duration": 0,
      "root": true,
      "rootEmpty": true,
      "_timeout": 2000
    },
    {
      "uuid": "c078dc5a-b846-40f5-97d2-a146badeff64",
      "title": "",
      "fullFile": "cypress\\e2e\\test\\addToCart.cy.js",
      "file": "cypress\\e2e\\test\\addToCart.cy.js",
      "beforeHooks": [],
      "afterHooks": [],
      "tests": [],
      "suites": [
        {
          "uuid": "df8b5063-b81b-4d5e-8ab1-0e135f5d4c23",
          "title": "Add To Cart",
          "fullFile": "",
          "file": "",
          "beforeHooks": [],
          "afterHooks": [],
          "tests": [
            {
              "title": "Should add an Item to cart",
              "fullTitle": "Add To Cart Should add an Item to cart",
              "timedOut": null,
              "duration": 0,
              "state": "pending",
              "speed": null,
              "pass": false,
              "fail": false,
              "pending": false,
              "context": null,
              "code": "_addToCart.default.addToCart('standard_user', 'secret_sauce');\ncy.get('#add-to-cart-sauce-labs-fleece-jacket').should('be.visible');",
              "err": {},
              "uuid": "0e8b2044-9873-46cc-b9db-ea50eb0a4fc3",
              "parentUUID": "df8b5063-b81b-4d5e-8ab1-0e135f5d4c23",
              "isHook": false,
              "skipped": true
            }
          ],
          "suites": [],
          "passes": [],
          "failures": [],
          "pending": [],
          "skipped": [
            "0e8b2044-9873-46cc-b9db-ea50eb0a4fc3"
          ],
          "duration": 0,
          "root": false,
          "rootEmpty": false,
          "_timeout": 2000
        }
      ],
      "passes": [],
      "failures": [],
      "pending": [],
      "skipped": [],
      "duration": 0,
      "root": true,
      "rootEmpty": true,
      "_timeout": 2000
    },
    {
      "uuid": "7fedc36c-2fd5-4387-9ece-aab7e07d68c2",
      "title": "",
      "fullFile": "cypress\\e2e\\test\\addToCartMltple.cy.js",
      "file": "cypress\\e2e\\test\\addToCartMltple.cy.js",
      "beforeHooks": [],
      "afterHooks": [],
      "tests": [],
      "suites": [
        {
          "uuid": "18364c90-35ad-409f-99d1-f6404a28b283",
          "title": "Add To Cart Multiple",
          "fullFile": "",
          "file": "",
          "beforeHooks": [],
          "afterHooks": [],
          "tests": [
            {
              "title": "Should add multiple items to cart",
              "fullTitle": "Add To Cart Multiple Should add multiple items to cart",
              "timedOut": null,
              "duration": 6280,
              "state": "failed",
              "speed": null,
              "pass": false,
              "fail": true,
              "pending": false,
              "context": null,
              "code": "_addToCartMltple.default.addToCartMultiple('standard_user', 'secret_sauce');\ncy.get('#add-to-cart-sauce-labs-backpack').should('be.visible');\ncy.get('#add-to-cart-sauce-labs-fleece-jacket').should('be.visible');\ncy.get('#add-to-cart-sauce-labs-bike-light').should('be.visible');",
              "err": {
                "message": "AssertionError: Timed out retrying after 4000ms: Expected to find element: `#add-to-cart-sauce-labs-backpack`, but never found it.",
                "estack": "AssertionError: Timed out retrying after 4000ms: Expected to find element: `#add-to-cart-sauce-labs-backpack`, but never found it.\n    at Context.eval (webpack:///./cypress/e2e/test/addToCartMltple.cy.js:11:51)",
                "diff": null
              },
              "uuid": "448116ee-5a51-4885-864c-187a5f731625",
              "parentUUID": "18364c90-35ad-409f-99d1-f6404a28b283",
              "isHook": false,
              "skipped": false
            }
          ],
          "suites": [],
          "passes": [],
          "failures": [
            "448116ee-5a51-4885-864c-187a5f731625"
          ],
          "pending": [],
          "skipped": [],
          "duration": 6280,
          "root": false,
          "rootEmpty": false,
          "_timeout": 2000
        }
      ],
      "passes": [],
      "failures": [],
      "pending": [],
      "skipped": [],
      "duration": 0,
      "root": true,
      "rootEmpty": true,
      "_timeout": 2000
    },
    {
      "uuid": "52149844-9c0d-4444-8f74-057f2f258ead",
      "title": "",
      "fullFile": "cypress\\e2e\\test\\login.cy.js",
      "file": "cypress\\e2e\\test\\login.cy.js",
      "beforeHooks": [],
      "afterHooks": [],
      "tests": [],
      "suites": [
        {
          "uuid": "2d58f84f-6bb4-4d5f-a980-de08849d12c9",
          "title": "login",
          "fullFile": "",
          "file": "",
          "beforeHooks": [],
          "afterHooks": [],
          "tests": [
            {
              "title": "Should login with valid credentials",
              "fullTitle": "login Should login with valid credentials",
              "timedOut": null,
              "duration": 0,
              "state": "pending",
              "speed": null,
              "pass": false,
              "fail": false,
              "pending": false,
              "context": null,
              "code": "_login.default.login('standard_user', 'secret_sauce');\ncy.get('.inventory_item_name').should('be.visible');",
              "err": {},
              "uuid": "60864fed-b1ed-4502-be3e-91d654ed95ef",
              "parentUUID": "2d58f84f-6bb4-4d5f-a980-de08849d12c9",
              "isHook": false,
              "skipped": true
            }
          ],
          "suites": [],
          "passes": [],
          "failures": [],
          "pending": [],
          "skipped": [
            "60864fed-b1ed-4502-be3e-91d654ed95ef"
          ],
          "duration": 0,
          "root": false,
          "rootEmpty": false,
          "_timeout": 2000
        }
      ],
      "passes": [],
      "failures": [],
      "pending": [],
      "skipped": [],
      "duration": 0,
      "root": true,
      "rootEmpty": true,
      "_timeout": 2000
    },
    {
      "uuid": "c1ffa8a9-6939-4c68-ac83-4d9211200055",
      "title": "",
      "fullFile": "cypress\\e2e\\test\\addToCart.cy.js",
      "file": "cypress\\e2e\\test\\addToCart.cy.js",
      "beforeHooks": [],
      "afterHooks": [],
      "tests": [],
      "suites": [
        {
          "uuid": "f4b652b3-f0a1-4985-b5b8-368b94e3b375",
          "title": "Add To Cart",
          "fullFile": "",
          "file": "",
          "beforeHooks": [],
          "afterHooks": [],
          "tests": [
            {
              "title": "Should add an Item to cart",
              "fullTitle": "Add To Cart Should add an Item to cart",
              "timedOut": null,
              "duration": 0,
              "state": "pending",
              "speed": null,
              "pass": false,
              "fail": false,
              "pending": false,
              "context": null,
              "code": "_addToCart.default.addToCart('standard_user', 'secret_sauce');\ncy.get('#add-to-cart-sauce-labs-fleece-jacket').should('be.visible');",
              "err": {},
              "uuid": "4bf793ef-a018-425b-a4b9-c2d2ac80d003",
              "parentUUID": "f4b652b3-f0a1-4985-b5b8-368b94e3b375",
              "isHook": false,
              "skipped": true
            }
          ],
          "suites": [],
          "passes": [],
          "failures": [],
          "pending": [],
          "skipped": [
            "4bf793ef-a018-425b-a4b9-c2d2ac80d003"
          ],
          "duration": 0,
          "root": false,
          "rootEmpty": false,
          "_timeout": 2000
        }
      ],
      "passes": [],
      "failures": [],
      "pending": [],
      "skipped": [],
      "duration": 0,
      "root": true,
      "rootEmpty": true,
      "_timeout": 2000
    },
    {
      "uuid": "9aad39d7-4a64-4b2d-8fde-ec906e0316d6",
      "title": "",
      "fullFile": "cypress\\e2e\\test\\addToCartMltple.cy.js",
      "file": "cypress\\e2e\\test\\addToCartMltple.cy.js",
      "beforeHooks": [],
      "afterHooks": [],
      "tests": [],
      "suites": [
        {
          "uuid": "7470b16f-7f5f-4847-8cdd-cc5b3bc4a7b5",
          "title": "Add To Cart Multiple",
          "fullFile": "",
          "file": "",
          "beforeHooks": [],
          "afterHooks": [],
          "tests": [
            {
              "title": "Should add multiple items to cart",
              "fullTitle": "Add To Cart Multiple Should add multiple items to cart",
              "timedOut": null,
              "duration": 6354,
              "state": "failed",
              "speed": null,
              "pass": false,
              "fail": true,
              "pending": false,
              "context": null,
              "code": "_addToCartMltple.default.addToCartMultiple('standard_user', 'secret_sauce');\ncy.get('#add-to-cart-sauce-labs-backpack').should('be.visible');\ncy.get('#add-to-cart-sauce-labs-bike-light').should('be.visible');\ncy.get('#add-to-cart-sauce-labs-fleece-jacket').should('be.visible');",
              "err": {
                "message": "AssertionError: Timed out retrying after 4000ms: Expected to find element: `#add-to-cart-sauce-labs-backpack`, but never found it.",
                "estack": "AssertionError: Timed out retrying after 4000ms: Expected to find element: `#add-to-cart-sauce-labs-backpack`, but never found it.\n    at Context.eval (webpack:///./cypress/e2e/test/addToCartMltple.cy.js:11:51)",
                "diff": null
              },
              "uuid": "4d877de9-e69c-4320-a2d1-c73d4d8693e4",
              "parentUUID": "7470b16f-7f5f-4847-8cdd-cc5b3bc4a7b5",
              "isHook": false,
              "skipped": false
            }
          ],
          "suites": [],
          "passes": [],
          "failures": [
            "4d877de9-e69c-4320-a2d1-c73d4d8693e4"
          ],
          "pending": [],
          "skipped": [],
          "duration": 6354,
          "root": false,
          "rootEmpty": false,
          "_timeout": 2000
        }
      ],
      "passes": [],
      "failures": [],
      "pending": [],
      "skipped": [],
      "duration": 0,
      "root": true,
      "rootEmpty": true,
      "_timeout": 2000
    },
    {
      "uuid": "b6fb34cf-8372-4c5b-b8ce-1751eeffbbd6",
      "title": "",
      "fullFile": "cypress\\e2e\\test\\login.cy.js",
      "file": "cypress\\e2e\\test\\login.cy.js",
      "beforeHooks": [],
      "afterHooks": [],
      "tests": [],
      "suites": [
        {
          "uuid": "06bf1110-7958-41e2-8355-56a67142276f",
          "title": "login",
          "fullFile": "",
          "file": "",
          "beforeHooks": [],
          "afterHooks": [],
          "tests": [
            {
              "title": "Should login with valid credentials",
              "fullTitle": "login Should login with valid credentials",
              "timedOut": null,
              "duration": 0,
              "state": "pending",
              "speed": null,
              "pass": false,
              "fail": false,
              "pending": false,
              "context": null,
              "code": "_login.default.login('standard_user', 'secret_sauce');\ncy.get('.inventory_item_name').should('be.visible');",
              "err": {},
              "uuid": "973d2858-f3fc-4fff-877f-b4972ceec21f",
              "parentUUID": "06bf1110-7958-41e2-8355-56a67142276f",
              "isHook": false,
              "skipped": true
            }
          ],
          "suites": [],
          "passes": [],
          "failures": [],
          "pending": [],
          "skipped": [
            "973d2858-f3fc-4fff-877f-b4972ceec21f"
          ],
          "duration": 0,
          "root": false,
          "rootEmpty": false,
          "_timeout": 2000
        }
      ],
      "passes": [],
      "failures": [],
      "pending": [],
      "skipped": [],
      "duration": 0,
      "root": true,
      "rootEmpty": true,
      "_timeout": 2000
    },
    {
      "uuid": "1fe70b78-27ac-4973-9188-a016dfc1f8f5",
      "title": "",
      "fullFile": "cypress\\e2e\\test\\addToCart.cy.js",
      "file": "cypress\\e2e\\test\\addToCart.cy.js",
      "beforeHooks": [],
      "afterHooks": [],
      "tests": [],
      "suites": [
        {
          "uuid": "1b7b3bb2-8aae-4181-8e41-2baf78047a21",
          "title": "Add To Cart",
          "fullFile": "",
          "file": "",
          "beforeHooks": [],
          "afterHooks": [],
          "tests": [
            {
              "title": "Should add an Item to cart",
              "fullTitle": "Add To Cart Should add an Item to cart",
              "timedOut": null,
              "duration": 0,
              "state": "pending",
              "speed": null,
              "pass": false,
              "fail": false,
              "pending": false,
              "context": null,
              "code": "_addToCart.default.addToCart('standard_user', 'secret_sauce');\ncy.get('#add-to-cart-sauce-labs-fleece-jacket').should('be.visible');",
              "err": {},
              "uuid": "bcc1921b-9b6c-4eb7-b42d-4f6aa1c88f3a",
              "parentUUID": "1b7b3bb2-8aae-4181-8e41-2baf78047a21",
              "isHook": false,
              "skipped": true
            }
          ],
          "suites": [],
          "passes": [],
          "failures": [],
          "pending": [],
          "skipped": [
            "bcc1921b-9b6c-4eb7-b42d-4f6aa1c88f3a"
          ],
          "duration": 0,
          "root": false,
          "rootEmpty": false,
          "_timeout": 2000
        }
      ],
      "passes": [],
      "failures": [],
      "pending": [],
      "skipped": [],
      "duration": 0,
      "root": true,
      "rootEmpty": true,
      "_timeout": 2000
    },
    {
      "uuid": "15c82738-227e-4a01-bb5f-66851a73a4a8",
      "title": "",
      "fullFile": "cypress\\e2e\\test\\addToCartMltple.cy.js",
      "file": "cypress\\e2e\\test\\addToCartMltple.cy.js",
      "beforeHooks": [],
      "afterHooks": [],
      "tests": [],
      "suites": [
        {
          "uuid": "b326d761-eeae-4abc-a7fa-5c44bc5d7041",
          "title": "Add Multiple To Cart",
          "fullFile": "",
          "file": "",
          "beforeHooks": [],
          "afterHooks": [],
          "tests": [
            {
              "title": "Should add multiple items to cart",
              "fullTitle": "Add Multiple To Cart Should add multiple items to cart",
              "timedOut": null,
              "duration": 2274,
              "state": "failed",
              "speed": null,
              "pass": false,
              "fail": true,
              "pending": false,
              "context": null,
              "code": "_addToCartMltple.default.addToCartMultiple('standard_user', 'secret_sauce');\ncy.get('#add-to-cart-sauce-labs-backpack', '#add-to-cart-sauce-labs-bike-light', '#add-to-cart-sauce-labs-fleece-jacket').should('be.visible');",
              "err": {
                "message": "CypressError: `cy.get()` only accepts an options object for its second argument. You passed #add-to-cart-sauce-labs-bike-light\n\nhttps://on.cypress.io/get",
                "estack": "CypressError: `cy.get()` only accepts an options object for its second argument. You passed #add-to-cart-sauce-labs-bike-light\n\nhttps://on.cypress.io/get\n    at Context.get (https://www.saucedemo.com/__cypress/runner/cypress_runner.js:143115:85)\n    at wrapped (https://www.saucedemo.com/__cypress/runner/cypress_runner.js:157809:43)\nFrom Your Spec Code:\n    at Context.eval (webpack:///./cypress/e2e/test/addToCartMltple.cy.js:11:11)",
                "diff": null
              },
              "uuid": "cfa15340-7643-40b1-bb89-46281de7bfbe",
              "parentUUID": "b326d761-eeae-4abc-a7fa-5c44bc5d7041",
              "isHook": false,
              "skipped": false
            }
          ],
          "suites": [],
          "passes": [],
          "failures": [
            "cfa15340-7643-40b1-bb89-46281de7bfbe"
          ],
          "pending": [],
          "skipped": [],
          "duration": 2274,
          "root": false,
          "rootEmpty": false,
          "_timeout": 2000
        }
      ],
      "passes": [],
      "failures": [],
      "pending": [],
      "skipped": [],
      "duration": 0,
      "root": true,
      "rootEmpty": true,
      "_timeout": 2000
    },
    {
      "uuid": "5a6e26b7-aa06-4413-be9a-95f55d9ff046",
      "title": "",
      "fullFile": "cypress\\e2e\\test\\login.cy.js",
      "file": "cypress\\e2e\\test\\login.cy.js",
      "beforeHooks": [],
      "afterHooks": [],
      "tests": [],
      "suites": [
        {
          "uuid": "886a8af1-236d-47e3-b8a0-1082cd9e087c",
          "title": "login",
          "fullFile": "",
          "file": "",
          "beforeHooks": [],
          "afterHooks": [],
          "tests": [
            {
              "title": "Should login with valid credentials",
              "fullTitle": "login Should login with valid credentials",
              "timedOut": null,
              "duration": 0,
              "state": "pending",
              "speed": null,
              "pass": false,
              "fail": false,
              "pending": false,
              "context": null,
              "code": "_login.default.login('standard_user', 'secret_sauce');\ncy.get('.inventory_item_name').should('be.visible');",
              "err": {},
              "uuid": "57114e53-5cdd-4d04-80ae-e50b6ad55a5a",
              "parentUUID": "886a8af1-236d-47e3-b8a0-1082cd9e087c",
              "isHook": false,
              "skipped": true
            }
          ],
          "suites": [],
          "passes": [],
          "failures": [],
          "pending": [],
          "skipped": [
            "57114e53-5cdd-4d04-80ae-e50b6ad55a5a"
          ],
          "duration": 0,
          "root": false,
          "rootEmpty": false,
          "_timeout": 2000
        }
      ],
      "passes": [],
      "failures": [],
      "pending": [],
      "skipped": [],
      "duration": 0,
      "root": true,
      "rootEmpty": true,
      "_timeout": 2000
    },
    {
      "uuid": "1d7effee-582c-4d5d-a004-81ac45477a74",
      "title": "",
      "fullFile": "cypress\\e2e\\test\\addToCart.cy.js",
      "file": "cypress\\e2e\\test\\addToCart.cy.js",
      "beforeHooks": [],
      "afterHooks": [],
      "tests": [],
      "suites": [
        {
          "uuid": "bea4af07-ee12-4023-9a2e-be0a1f7316fd",
          "title": "Add To Cart",
          "fullFile": "",
          "file": "",
          "beforeHooks": [],
          "afterHooks": [],
          "tests": [
            {
              "title": "Should add an Item to cart",
              "fullTitle": "Add To Cart Should add an Item to cart",
              "timedOut": null,
              "duration": 0,
              "state": "pending",
              "speed": null,
              "pass": false,
              "fail": false,
              "pending": false,
              "context": null,
              "code": "_addToCart.default.addToCart('standard_user', 'secret_sauce');\ncy.get('#add-to-cart-sauce-labs-fleece-jacket').should('be.visible');",
              "err": {},
              "uuid": "259cde7e-c932-4b57-ab4c-deeea5878639",
              "parentUUID": "bea4af07-ee12-4023-9a2e-be0a1f7316fd",
              "isHook": false,
              "skipped": true
            }
          ],
          "suites": [],
          "passes": [],
          "failures": [],
          "pending": [],
          "skipped": [
            "259cde7e-c932-4b57-ab4c-deeea5878639"
          ],
          "duration": 0,
          "root": false,
          "rootEmpty": false,
          "_timeout": 2000
        }
      ],
      "passes": [],
      "failures": [],
      "pending": [],
      "skipped": [],
      "duration": 0,
      "root": true,
      "rootEmpty": true,
      "_timeout": 2000
    },
    {
      "uuid": "b5054e3a-9cb8-4291-938b-68c8499df52b",
      "title": "",
      "fullFile": "cypress\\e2e\\test\\addToCartMltple.cy.js",
      "file": "cypress\\e2e\\test\\addToCartMltple.cy.js",
      "beforeHooks": [],
      "afterHooks": [],
      "tests": [],
      "suites": [
        {
          "uuid": "bc2e9bbf-67ee-4522-8a8c-400f91841b90",
          "title": "Add Multiple To Cart",
          "fullFile": "",
          "file": "",
          "beforeHooks": [],
          "afterHooks": [],
          "tests": [
            {
              "title": "Should add multiple items to cart",
              "fullTitle": "Add Multiple To Cart Should add multiple items to cart",
              "timedOut": null,
              "duration": 6357,
              "state": "failed",
              "speed": null,
              "pass": false,
              "fail": true,
              "pending": false,
              "context": null,
              "code": "_addToCartMltple.default.addToCartMultiple('standard_user', 'secret_sauce');\ncy.get('#add-to-cart-sauce-labs-backpack').should('be.visible');\ncy.get('#add-to-cart-sauce-labs-bike-light').should('be.visible');\ncy.get('#add-to-cart-sauce-labs-fleece-jacket').should('be.visible');",
              "err": {
                "message": "AssertionError: Timed out retrying after 4000ms: Expected to find element: `#add-to-cart-sauce-labs-backpack`, but never found it.",
                "estack": "AssertionError: Timed out retrying after 4000ms: Expected to find element: `#add-to-cart-sauce-labs-backpack`, but never found it.\n    at Context.eval (webpack:///./cypress/e2e/test/addToCartMltple.cy.js:11:51)",
                "diff": null
              },
              "uuid": "85e21529-2ce4-47fc-bccd-b85f7cdd14fb",
              "parentUUID": "bc2e9bbf-67ee-4522-8a8c-400f91841b90",
              "isHook": false,
              "skipped": false
            }
          ],
          "suites": [],
          "passes": [],
          "failures": [
            "85e21529-2ce4-47fc-bccd-b85f7cdd14fb"
          ],
          "pending": [],
          "skipped": [],
          "duration": 6357,
          "root": false,
          "rootEmpty": false,
          "_timeout": 2000
        }
      ],
      "passes": [],
      "failures": [],
      "pending": [],
      "skipped": [],
      "duration": 0,
      "root": true,
      "rootEmpty": true,
      "_timeout": 2000
    },
    {
      "uuid": "d22f2a67-d00c-4827-b4a5-82ecbbc87923",
      "title": "",
      "fullFile": "cypress\\e2e\\test\\login.cy.js",
      "file": "cypress\\e2e\\test\\login.cy.js",
      "beforeHooks": [],
      "afterHooks": [],
      "tests": [],
      "suites": [
        {
          "uuid": "5baac660-654b-4a33-b2b6-6226562e860a",
          "title": "login",
          "fullFile": "",
          "file": "",
          "beforeHooks": [],
          "afterHooks": [],
          "tests": [
            {
              "title": "Should login with valid credentials",
              "fullTitle": "login Should login with valid credentials",
              "timedOut": null,
              "duration": 0,
              "state": "pending",
              "speed": null,
              "pass": false,
              "fail": false,
              "pending": false,
              "context": null,
              "code": "_login.default.login('standard_user', 'secret_sauce');\ncy.get('.inventory_item_name').should('be.visible');",
              "err": {},
              "uuid": "89033412-ef9e-4549-b2c6-4ffcc45aa115",
              "parentUUID": "5baac660-654b-4a33-b2b6-6226562e860a",
              "isHook": false,
              "skipped": true
            }
          ],
          "suites": [],
          "passes": [],
          "failures": [],
          "pending": [],
          "skipped": [
            "89033412-ef9e-4549-b2c6-4ffcc45aa115"
          ],
          "duration": 0,
          "root": false,
          "rootEmpty": false,
          "_timeout": 2000
        }
      ],
      "passes": [],
      "failures": [],
      "pending": [],
      "skipped": [],
      "duration": 0,
      "root": true,
      "rootEmpty": true,
      "_timeout": 2000
    },
    {
      "uuid": "4dda5d03-25d8-4b56-a0e7-d6a2247e7458",
      "title": "",
      "fullFile": "cypress\\e2e\\test\\addToCart.cy.js",
      "file": "cypress\\e2e\\test\\addToCart.cy.js",
      "beforeHooks": [],
      "afterHooks": [],
      "tests": [],
      "suites": [
        {
          "uuid": "2edc3eac-7182-4f32-aca9-29e532768c96",
          "title": "Add To Cart",
          "fullFile": "",
          "file": "",
          "beforeHooks": [],
          "afterHooks": [],
          "tests": [
            {
              "title": "Should add an Item to cart",
              "fullTitle": "Add To Cart Should add an Item to cart",
              "timedOut": null,
              "duration": 0,
              "state": "pending",
              "speed": null,
              "pass": false,
              "fail": false,
              "pending": false,
              "context": null,
              "code": "_addToCart.default.addToCart('standard_user', 'secret_sauce');\ncy.get('#add-to-cart-sauce-labs-fleece-jacket').should('be.visible');",
              "err": {},
              "uuid": "bfebbd8d-9efb-45bd-9b87-9f723cace435",
              "parentUUID": "2edc3eac-7182-4f32-aca9-29e532768c96",
              "isHook": false,
              "skipped": true
            }
          ],
          "suites": [],
          "passes": [],
          "failures": [],
          "pending": [],
          "skipped": [
            "bfebbd8d-9efb-45bd-9b87-9f723cace435"
          ],
          "duration": 0,
          "root": false,
          "rootEmpty": false,
          "_timeout": 2000
        }
      ],
      "passes": [],
      "failures": [],
      "pending": [],
      "skipped": [],
      "duration": 0,
      "root": true,
      "rootEmpty": true,
      "_timeout": 2000
    },
    {
      "uuid": "e098c508-eeff-415e-9827-c1f50e55cdaa",
      "title": "",
      "fullFile": "cypress\\e2e\\test\\addToCartMltple.cy.js",
      "file": "cypress\\e2e\\test\\addToCartMltple.cy.js",
      "beforeHooks": [],
      "afterHooks": [],
      "tests": [],
      "suites": [
        {
          "uuid": "1f5c83c0-0b5d-47b1-a261-6bbe34037c85",
          "title": "Add Multiple To Cart",
          "fullFile": "",
          "file": "",
          "beforeHooks": [],
          "afterHooks": [],
          "tests": [
            {
              "title": "Should add multiple items to cart",
              "fullTitle": "Add Multiple To Cart Should add multiple items to cart",
              "timedOut": null,
              "duration": 6443,
              "state": "failed",
              "speed": null,
              "pass": false,
              "fail": true,
              "pending": false,
              "context": null,
              "code": "_addToCartMltple.default.addToCartMultiple('standard_user', 'secret_sauce');\ncy.get('#add-to-cart-sauce-labs-backpack').should('be.visible');\ncy.get('#add-to-cart-sauce-labs-bike-light').should('be.visible');\ncy.get('#add-to-cart-sauce-labs-fleece-jacket').should('be.visible');",
              "err": {
                "message": "AssertionError: Timed out retrying after 4000ms: Expected to find element: `#add-to-cart-sauce-labs-backpack`, but never found it.",
                "estack": "AssertionError: Timed out retrying after 4000ms: Expected to find element: `#add-to-cart-sauce-labs-backpack`, but never found it.\n    at Context.eval (webpack:///./cypress/e2e/test/addToCartMltple.cy.js:11:51)",
                "diff": null
              },
              "uuid": "2457cc25-315d-4c58-87c8-31c1eb580af5",
              "parentUUID": "1f5c83c0-0b5d-47b1-a261-6bbe34037c85",
              "isHook": false,
              "skipped": false
            }
          ],
          "suites": [],
          "passes": [],
          "failures": [
            "2457cc25-315d-4c58-87c8-31c1eb580af5"
          ],
          "pending": [],
          "skipped": [],
          "duration": 6443,
          "root": false,
          "rootEmpty": false,
          "_timeout": 2000
        }
      ],
      "passes": [],
      "failures": [],
      "pending": [],
      "skipped": [],
      "duration": 0,
      "root": true,
      "rootEmpty": true,
      "_timeout": 2000
    },
    {
      "uuid": "9a7bafe9-9097-440d-8512-9ff9e541bb19",
      "title": "",
      "fullFile": "cypress\\e2e\\test\\login.cy.js",
      "file": "cypress\\e2e\\test\\login.cy.js",
      "beforeHooks": [],
      "afterHooks": [],
      "tests": [],
      "suites": [
        {
          "uuid": "34de566e-6503-4bc2-9e6f-43c7ff77edb7",
          "title": "login",
          "fullFile": "",
          "file": "",
          "beforeHooks": [],
          "afterHooks": [],
          "tests": [
            {
              "title": "Should login with valid credentials",
              "fullTitle": "login Should login with valid credentials",
              "timedOut": null,
              "duration": 0,
              "state": "pending",
              "speed": null,
              "pass": false,
              "fail": false,
              "pending": false,
              "context": null,
              "code": "_login.default.login('standard_user', 'secret_sauce');\ncy.get('.inventory_item_name').should('be.visible');",
              "err": {},
              "uuid": "7e0f63dd-6b1d-48d4-8ef5-826193c6e28d",
              "parentUUID": "34de566e-6503-4bc2-9e6f-43c7ff77edb7",
              "isHook": false,
              "skipped": true
            }
          ],
          "suites": [],
          "passes": [],
          "failures": [],
          "pending": [],
          "skipped": [
            "7e0f63dd-6b1d-48d4-8ef5-826193c6e28d"
          ],
          "duration": 0,
          "root": false,
          "rootEmpty": false,
          "_timeout": 2000
        }
      ],
      "passes": [],
      "failures": [],
      "pending": [],
      "skipped": [],
      "duration": 0,
      "root": true,
      "rootEmpty": true,
      "_timeout": 2000
    },
    {
      "uuid": "d1f1ec82-2518-4233-aa15-33759344909c",
      "title": "",
      "fullFile": "cypress\\e2e\\test\\addToCart.cy.js",
      "file": "cypress\\e2e\\test\\addToCart.cy.js",
      "beforeHooks": [],
      "afterHooks": [],
      "tests": [],
      "suites": [
        {
          "uuid": "b61c57c9-4f89-4a1e-a768-32625e20b533",
          "title": "Add To Cart",
          "fullFile": "",
          "file": "",
          "beforeHooks": [],
          "afterHooks": [],
          "tests": [
            {
              "title": "Should add an Item to cart",
              "fullTitle": "Add To Cart Should add an Item to cart",
              "timedOut": null,
              "duration": 1790,
              "state": "passed",
              "speed": "fast",
              "pass": true,
              "fail": false,
              "pending": false,
              "context": null,
              "code": "_addToCart.default.addToCart('standard_user', 'secret_sauce');\ncy.get('#add-to-cart-sauce-labs-fleece-jacket').should('be.visible');\ncy.get('#react-burger-menu-btn');",
              "err": {},
              "uuid": "43b740cf-26d5-4a33-854c-c1770225f074",
              "parentUUID": "b61c57c9-4f89-4a1e-a768-32625e20b533",
              "isHook": false,
              "skipped": false
            }
          ],
          "suites": [],
          "passes": [
            "43b740cf-26d5-4a33-854c-c1770225f074"
          ],
          "failures": [],
          "pending": [],
          "skipped": [],
          "duration": 1790,
          "root": false,
          "rootEmpty": false,
          "_timeout": 2000
        }
      ],
      "passes": [],
      "failures": [],
      "pending": [],
      "skipped": [],
      "duration": 0,
      "root": true,
      "rootEmpty": true,
      "_timeout": 2000
    },
    {
      "uuid": "e20e298f-4f3d-4e48-bb57-76a6e183d9e0",
      "title": "",
      "fullFile": "cypress\\e2e\\test\\addToCartMltple.cy.js",
      "file": "cypress\\e2e\\test\\addToCartMltple.cy.js",
      "beforeHooks": [],
      "afterHooks": [],
      "tests": [],
      "suites": [
        {
          "uuid": "019cc22e-7d99-4be9-a787-1856f66cd039",
          "title": "Add Multiple To Cart",
          "fullFile": "",
          "file": "",
          "beforeHooks": [],
          "afterHooks": [],
          "tests": [
            {
              "title": "Should add multiple items to cart",
              "fullTitle": "Add Multiple To Cart Should add multiple items to cart",
              "timedOut": null,
              "duration": 0,
              "state": "pending",
              "speed": null,
              "pass": false,
              "fail": false,
              "pending": false,
              "context": null,
              "code": "_addToCartMltple.default.addToCartMultiple('standard_user', 'secret_sauce');\ncy.get('#add-to-cart-sauce-labs-backpack').should('be.visible');\ncy.get('#add-to-cart-sauce-labs-bike-light').should('be.visible');\ncy.get('#add-to-cart-sauce-labs-fleece-jacket').should('be.visible');",
              "err": {},
              "uuid": "8d1d15c9-35f8-4d6a-8d6c-a9807e88bdab",
              "parentUUID": "019cc22e-7d99-4be9-a787-1856f66cd039",
              "isHook": false,
              "skipped": true
            }
          ],
          "suites": [],
          "passes": [],
          "failures": [],
          "pending": [],
          "skipped": [
            "8d1d15c9-35f8-4d6a-8d6c-a9807e88bdab"
          ],
          "duration": 0,
          "root": false,
          "rootEmpty": false,
          "_timeout": 2000
        }
      ],
      "passes": [],
      "failures": [],
      "pending": [],
      "skipped": [],
      "duration": 0,
      "root": true,
      "rootEmpty": true,
      "_timeout": 2000
    },
    {
      "uuid": "d2fb2e93-61ae-4a51-b69d-7a75409e17fc",
      "title": "",
      "fullFile": "cypress\\e2e\\test\\login.cy.js",
      "file": "cypress\\e2e\\test\\login.cy.js",
      "beforeHooks": [],
      "afterHooks": [],
      "tests": [],
      "suites": [
        {
          "uuid": "9fcdf93c-297c-4579-94d9-a0235b4ef538",
          "title": "login",
          "fullFile": "",
          "file": "",
          "beforeHooks": [],
          "afterHooks": [],
          "tests": [
            {
              "title": "Should login with valid credentials",
              "fullTitle": "login Should login with valid credentials",
              "timedOut": null,
              "duration": 0,
              "state": "pending",
              "speed": null,
              "pass": false,
              "fail": false,
              "pending": false,
              "context": null,
              "code": "_login.default.login('standard_user', 'secret_sauce');\ncy.get('.inventory_item_name').should('be.visible');",
              "err": {},
              "uuid": "b518d4fb-417b-40c6-a1a1-94525955056b",
              "parentUUID": "9fcdf93c-297c-4579-94d9-a0235b4ef538",
              "isHook": false,
              "skipped": true
            }
          ],
          "suites": [],
          "passes": [],
          "failures": [],
          "pending": [],
          "skipped": [
            "b518d4fb-417b-40c6-a1a1-94525955056b"
          ],
          "duration": 0,
          "root": false,
          "rootEmpty": false,
          "_timeout": 2000
        }
      ],
      "passes": [],
      "failures": [],
      "pending": [],
      "skipped": [],
      "duration": 0,
      "root": true,
      "rootEmpty": true,
      "_timeout": 2000
    },
    {
      "uuid": "c680012a-f3dd-4bff-a945-af9c69cf0469",
      "title": "",
      "fullFile": "cypress\\e2e\\test\\addToCart.cy.js",
      "file": "cypress\\e2e\\test\\addToCart.cy.js",
      "beforeHooks": [],
      "afterHooks": [],
      "tests": [],
      "suites": [
        {
          "uuid": "6ef1df07-22f4-44ee-8e32-8afec782f32f",
          "title": "Add To Cart",
          "fullFile": "",
          "file": "",
          "beforeHooks": [],
          "afterHooks": [],
          "tests": [
            {
              "title": "Should add an Item to cart",
              "fullTitle": "Add To Cart Should add an Item to cart",
              "timedOut": null,
              "duration": 1990,
              "state": "passed",
              "speed": "fast",
              "pass": true,
              "fail": false,
              "pending": false,
              "context": null,
              "code": "_addToCart.default.addToCart('standard_user', 'secret_sauce');\ncy.get('#add-to-cart-sauce-labs-fleece-jacket').should('be.visible');\ncy.get('#react-burger-menu-btn');",
              "err": {},
              "uuid": "880d42a7-c0d5-4bbe-be2e-6a51d7d07bbd",
              "parentUUID": "6ef1df07-22f4-44ee-8e32-8afec782f32f",
              "isHook": false,
              "skipped": false
            }
          ],
          "suites": [],
          "passes": [
            "880d42a7-c0d5-4bbe-be2e-6a51d7d07bbd"
          ],
          "failures": [],
          "pending": [],
          "skipped": [],
          "duration": 1990,
          "root": false,
          "rootEmpty": false,
          "_timeout": 2000
        }
      ],
      "passes": [],
      "failures": [],
      "pending": [],
      "skipped": [],
      "duration": 0,
      "root": true,
      "rootEmpty": true,
      "_timeout": 2000
    },
    {
      "uuid": "28c42dd3-fb02-4882-a7b5-6f450671e30c",
      "title": "",
      "fullFile": "cypress\\e2e\\test\\addToCartMltple.cy.js",
      "file": "cypress\\e2e\\test\\addToCartMltple.cy.js",
      "beforeHooks": [],
      "afterHooks": [],
      "tests": [],
      "suites": [
        {
          "uuid": "7d71ab1c-a500-453f-9546-805276f882cb",
          "title": "Add Multiple To Cart",
          "fullFile": "",
          "file": "",
          "beforeHooks": [],
          "afterHooks": [],
          "tests": [
            {
              "title": "Should add multiple items to cart",
              "fullTitle": "Add Multiple To Cart Should add multiple items to cart",
              "timedOut": null,
              "duration": 0,
              "state": "pending",
              "speed": null,
              "pass": false,
              "fail": false,
              "pending": false,
              "context": null,
              "code": "_addToCartMltple.default.addToCartMultiple('standard_user', 'secret_sauce');\ncy.get('#add-to-cart-sauce-labs-backpack').should('be.visible');\ncy.get('#add-to-cart-sauce-labs-bike-light').should('be.visible');\ncy.get('#add-to-cart-sauce-labs-fleece-jacket').should('be.visible');",
              "err": {},
              "uuid": "225bc864-e42d-47d7-9475-2fdbfe699d7a",
              "parentUUID": "7d71ab1c-a500-453f-9546-805276f882cb",
              "isHook": false,
              "skipped": true
            }
          ],
          "suites": [],
          "passes": [],
          "failures": [],
          "pending": [],
          "skipped": [
            "225bc864-e42d-47d7-9475-2fdbfe699d7a"
          ],
          "duration": 0,
          "root": false,
          "rootEmpty": false,
          "_timeout": 2000
        }
      ],
      "passes": [],
      "failures": [],
      "pending": [],
      "skipped": [],
      "duration": 0,
      "root": true,
      "rootEmpty": true,
      "_timeout": 2000
    },
    {
      "uuid": "cacf3561-4e18-4fe8-a0ee-9a7609bdae71",
      "title": "",
      "fullFile": "cypress\\e2e\\test\\login.cy.js",
      "file": "cypress\\e2e\\test\\login.cy.js",
      "beforeHooks": [],
      "afterHooks": [],
      "tests": [],
      "suites": [
        {
          "uuid": "84e4a0cf-55dd-4af8-85ba-baba23e98036",
          "title": "login",
          "fullFile": "",
          "file": "",
          "beforeHooks": [],
          "afterHooks": [],
          "tests": [
            {
              "title": "Should login with valid credentials",
              "fullTitle": "login Should login with valid credentials",
              "timedOut": null,
              "duration": 0,
              "state": "pending",
              "speed": null,
              "pass": false,
              "fail": false,
              "pending": false,
              "context": null,
              "code": "_login.default.login('standard_user', 'secret_sauce');\ncy.get('.inventory_item_name').should('be.visible');",
              "err": {},
              "uuid": "bc272f57-a023-49cf-aa9d-3a72a5f457b6",
              "parentUUID": "84e4a0cf-55dd-4af8-85ba-baba23e98036",
              "isHook": false,
              "skipped": true
            }
          ],
          "suites": [],
          "passes": [],
          "failures": [],
          "pending": [],
          "skipped": [
            "bc272f57-a023-49cf-aa9d-3a72a5f457b6"
          ],
          "duration": 0,
          "root": false,
          "rootEmpty": false,
          "_timeout": 2000
        }
      ],
      "passes": [],
      "failures": [],
      "pending": [],
      "skipped": [],
      "duration": 0,
      "root": true,
      "rootEmpty": true,
      "_timeout": 2000
    },
    {
      "uuid": "b97adf4e-1302-43cd-b3e0-ce8c1ad2ec42",
      "title": "",
      "fullFile": "cypress\\e2e\\test\\addToCart.cy.js",
      "file": "cypress\\e2e\\test\\addToCart.cy.js",
      "beforeHooks": [],
      "afterHooks": [],
      "tests": [],
      "suites": [
        {
          "uuid": "f306127e-cec5-4761-b2e2-a34aa7689810",
          "title": "Add To Cart",
          "fullFile": "",
          "file": "",
          "beforeHooks": [],
          "afterHooks": [],
          "tests": [
            {
              "title": "Should add an Item to cart",
              "fullTitle": "Add To Cart Should add an Item to cart",
              "timedOut": null,
              "duration": 0,
              "state": "pending",
              "speed": null,
              "pass": false,
              "fail": false,
              "pending": false,
              "context": null,
              "code": "_addToCart.default.addToCart('standard_user', 'secret_sauce');\ncy.get('#add-to-cart-sauce-labs-fleece-jacket').should('be.visible');\ncy.get('#react-burger-menu-btn');",
              "err": {},
              "uuid": "b931d71d-a215-4209-a298-1c3b8087e4fb",
              "parentUUID": "f306127e-cec5-4761-b2e2-a34aa7689810",
              "isHook": false,
              "skipped": true
            }
          ],
          "suites": [],
          "passes": [],
          "failures": [],
          "pending": [],
          "skipped": [
            "b931d71d-a215-4209-a298-1c3b8087e4fb"
          ],
          "duration": 0,
          "root": false,
          "rootEmpty": false,
          "_timeout": 2000
        }
      ],
      "passes": [],
      "failures": [],
      "pending": [],
      "skipped": [],
      "duration": 0,
      "root": true,
      "rootEmpty": true,
      "_timeout": 2000
    },
    {
      "uuid": "46eff33a-42bf-46f3-abb0-b5d4d32fc86d",
      "title": "",
      "fullFile": "cypress\\e2e\\test\\addToCartMltple.cy.js",
      "file": "cypress\\e2e\\test\\addToCartMltple.cy.js",
      "beforeHooks": [],
      "afterHooks": [],
      "tests": [],
      "suites": [
        {
          "uuid": "f010855c-5e06-4ad6-90e9-da6466fc90ad",
          "title": "Add Multiple To Cart",
          "fullFile": "",
          "file": "",
          "beforeHooks": [],
          "afterHooks": [],
          "tests": [
            {
              "title": "Should add multiple items to cart",
              "fullTitle": "Add Multiple To Cart Should add multiple items to cart",
              "timedOut": null,
              "duration": 0,
              "state": "pending",
              "speed": null,
              "pass": false,
              "fail": false,
              "pending": false,
              "context": null,
              "code": "_addToCartMltple.default.addToCartMultiple('standard_user', 'secret_sauce');\ncy.get('#add-to-cart-sauce-labs-backpack').should('be.visible');\ncy.get('#add-to-cart-sauce-labs-bike-light').should('be.visible');\ncy.get('#add-to-cart-sauce-labs-fleece-jacket').should('be.visible');",
              "err": {},
              "uuid": "6d5f7203-2f57-4c0b-8eed-fc76ea8c203e",
              "parentUUID": "f010855c-5e06-4ad6-90e9-da6466fc90ad",
              "isHook": false,
              "skipped": true
            }
          ],
          "suites": [],
          "passes": [],
          "failures": [],
          "pending": [],
          "skipped": [
            "6d5f7203-2f57-4c0b-8eed-fc76ea8c203e"
          ],
          "duration": 0,
          "root": false,
          "rootEmpty": false,
          "_timeout": 2000
        }
      ],
      "passes": [],
      "failures": [],
      "pending": [],
      "skipped": [],
      "duration": 0,
      "root": true,
      "rootEmpty": true,
      "_timeout": 2000
    },
    {
      "uuid": "1df1dda1-811a-4e2f-8307-cc0c390a2179",
      "title": "",
      "fullFile": "cypress\\e2e\\test\\login.cy.js",
      "file": "cypress\\e2e\\test\\login.cy.js",
      "beforeHooks": [],
      "afterHooks": [],
      "tests": [],
      "suites": [
        {
          "uuid": "4accef7d-2cb2-4dda-b5e4-48f10dd561ee",
          "title": "login",
          "fullFile": "",
          "file": "",
          "beforeHooks": [],
          "afterHooks": [],
          "tests": [
            {
              "title": "Should login with valid credentials",
              "fullTitle": "login Should login with valid credentials",
              "timedOut": null,
              "duration": 0,
              "state": "pending",
              "speed": null,
              "pass": false,
              "fail": false,
              "pending": false,
              "context": null,
              "code": "_login.default.login('standard_user', 'secret_sauce');\ncy.get('.inventory_item_name').should('be.visible');",
              "err": {},
              "uuid": "35490218-4c2a-4db3-9ab2-8b3faf760235",
              "parentUUID": "4accef7d-2cb2-4dda-b5e4-48f10dd561ee",
              "isHook": false,
              "skipped": true
            }
          ],
          "suites": [],
          "passes": [],
          "failures": [],
          "pending": [],
          "skipped": [
            "35490218-4c2a-4db3-9ab2-8b3faf760235"
          ],
          "duration": 0,
          "root": false,
          "rootEmpty": false,
          "_timeout": 2000
        }
      ],
      "passes": [],
      "failures": [],
      "pending": [],
      "skipped": [],
      "duration": 0,
      "root": true,
      "rootEmpty": true,
      "_timeout": 2000
    },
    {
      "uuid": "a8468985-0184-4aff-aa40-c48ef6885764",
      "title": "",
      "fullFile": "cypress\\e2e\\test\\addToCart.cy.js",
      "file": "cypress\\e2e\\test\\addToCart.cy.js",
      "beforeHooks": [],
      "afterHooks": [],
      "tests": [],
      "suites": [
        {
          "uuid": "cdf6ddc8-894d-42ee-8f83-9ed73fd046c3",
          "title": "Add To Cart",
          "fullFile": "",
          "file": "",
          "beforeHooks": [],
          "afterHooks": [],
          "tests": [
            {
              "title": "Should add an Item to cart",
              "fullTitle": "Add To Cart Should add an Item to cart",
              "timedOut": null,
              "duration": 0,
              "state": "pending",
              "speed": null,
              "pass": false,
              "fail": false,
              "pending": false,
              "context": null,
              "code": "_addToCart.default.addToCart('standard_user', 'secret_sauce');\ncy.get('#add-to-cart-sauce-labs-fleece-jacket').should('be.visible');\ncy.get('#react-burger-menu-btn');",
              "err": {},
              "uuid": "9fabd3f4-2b71-4999-9af7-ca86702a68d7",
              "parentUUID": "cdf6ddc8-894d-42ee-8f83-9ed73fd046c3",
              "isHook": false,
              "skipped": true
            }
          ],
          "suites": [],
          "passes": [],
          "failures": [],
          "pending": [],
          "skipped": [
            "9fabd3f4-2b71-4999-9af7-ca86702a68d7"
          ],
          "duration": 0,
          "root": false,
          "rootEmpty": false,
          "_timeout": 2000
        }
      ],
      "passes": [],
      "failures": [],
      "pending": [],
      "skipped": [],
      "duration": 0,
      "root": true,
      "rootEmpty": true,
      "_timeout": 2000
    },
    {
      "uuid": "ed0ddffd-d3b8-4abd-aba2-17496fb8abdd",
      "title": "",
      "fullFile": "cypress\\e2e\\test\\addToCartMltple.cy.js",
      "file": "cypress\\e2e\\test\\addToCartMltple.cy.js",
      "beforeHooks": [],
      "afterHooks": [],
      "tests": [],
      "suites": [
        {
          "uuid": "00998ccc-c5a7-436b-aa80-70ec69feb7cc",
          "title": "Add Multiple To Cart",
          "fullFile": "",
          "file": "",
          "beforeHooks": [],
          "afterHooks": [],
          "tests": [
            {
              "title": "Should add multiple items to cart",
              "fullTitle": "Add Multiple To Cart Should add multiple items to cart",
              "timedOut": null,
              "duration": 0,
              "state": "pending",
              "speed": null,
              "pass": false,
              "fail": false,
              "pending": false,
              "context": null,
              "code": "_addToCartMltple.default.addToCartMultiple('standard_user', 'secret_sauce');\ncy.get('#add-to-cart-sauce-labs-backpack').should('be.visible');\ncy.get('#add-to-cart-sauce-labs-bike-light').should('be.visible');\ncy.get('#add-to-cart-sauce-labs-fleece-jacket').should('be.visible');",
              "err": {},
              "uuid": "3a6a19e8-c009-4fa9-829e-241e6f4f9bcd",
              "parentUUID": "00998ccc-c5a7-436b-aa80-70ec69feb7cc",
              "isHook": false,
              "skipped": true
            }
          ],
          "suites": [],
          "passes": [],
          "failures": [],
          "pending": [],
          "skipped": [
            "3a6a19e8-c009-4fa9-829e-241e6f4f9bcd"
          ],
          "duration": 0,
          "root": false,
          "rootEmpty": false,
          "_timeout": 2000
        }
      ],
      "passes": [],
      "failures": [],
      "pending": [],
      "skipped": [],
      "duration": 0,
      "root": true,
      "rootEmpty": true,
      "_timeout": 2000
    },
    {
      "uuid": "a182efbd-be9a-4781-83de-09dfc516586d",
      "title": "",
      "fullFile": "cypress\\e2e\\test\\login.cy.js",
      "file": "cypress\\e2e\\test\\login.cy.js",
      "beforeHooks": [],
      "afterHooks": [],
      "tests": [],
      "suites": [
        {
          "uuid": "606d03ee-7e1b-4f1b-a57f-ed5541bb518c",
          "title": "login",
          "fullFile": "",
          "file": "",
          "beforeHooks": [],
          "afterHooks": [],
          "tests": [
            {
              "title": "Should login with valid credentials",
              "fullTitle": "login Should login with valid credentials",
              "timedOut": null,
              "duration": 0,
              "state": "pending",
              "speed": null,
              "pass": false,
              "fail": false,
              "pending": false,
              "context": null,
              "code": "_login.default.login('standard_user', 'secret_sauce');\ncy.get('.inventory_item_name').should('be.visible');",
              "err": {},
              "uuid": "eeeed573-4d1f-4d8f-a1e5-ee31774c8fb1",
              "parentUUID": "606d03ee-7e1b-4f1b-a57f-ed5541bb518c",
              "isHook": false,
              "skipped": true
            }
          ],
          "suites": [],
          "passes": [],
          "failures": [],
          "pending": [],
          "skipped": [
            "eeeed573-4d1f-4d8f-a1e5-ee31774c8fb1"
          ],
          "duration": 0,
          "root": false,
          "rootEmpty": false,
          "_timeout": 2000
        }
      ],
      "passes": [],
      "failures": [],
      "pending": [],
      "skipped": [],
      "duration": 0,
      "root": true,
      "rootEmpty": true,
      "_timeout": 2000
    },
    {
      "uuid": "bcd1216f-8c5f-4d95-ba0a-b2a66528ae6d",
      "title": "",
      "fullFile": "cypress\\e2e\\test\\addToCart.cy.js",
      "file": "cypress\\e2e\\test\\addToCart.cy.js",
      "beforeHooks": [],
      "afterHooks": [],
      "tests": [],
      "suites": [
        {
          "uuid": "68ec334b-a094-43a9-a515-f1e81d3aa879",
          "title": "Add To Cart",
          "fullFile": "",
          "file": "",
          "beforeHooks": [],
          "afterHooks": [],
          "tests": [
            {
              "title": "Should add an Item to cart",
              "fullTitle": "Add To Cart Should add an Item to cart",
              "timedOut": null,
              "duration": 0,
              "state": "pending",
              "speed": null,
              "pass": false,
              "fail": false,
              "pending": false,
              "context": null,
              "code": "_addToCart.default.addToCart('standard_user', 'secret_sauce');\ncy.get('#add-to-cart-sauce-labs-fleece-jacket').should('be.visible');\ncy.get('#react-burger-menu-btn');",
              "err": {},
              "uuid": "bd050bd6-2cea-4156-aec4-b977625cdfb7",
              "parentUUID": "68ec334b-a094-43a9-a515-f1e81d3aa879",
              "isHook": false,
              "skipped": true
            }
          ],
          "suites": [],
          "passes": [],
          "failures": [],
          "pending": [],
          "skipped": [
            "bd050bd6-2cea-4156-aec4-b977625cdfb7"
          ],
          "duration": 0,
          "root": false,
          "rootEmpty": false,
          "_timeout": 2000
        }
      ],
      "passes": [],
      "failures": [],
      "pending": [],
      "skipped": [],
      "duration": 0,
      "root": true,
      "rootEmpty": true,
      "_timeout": 2000
    },
    {
      "uuid": "4a4d0ffa-d3bf-4d93-ab1d-f004f775c36f",
      "title": "",
      "fullFile": "cypress\\e2e\\test\\addToCartMltple.cy.js",
      "file": "cypress\\e2e\\test\\addToCartMltple.cy.js",
      "beforeHooks": [],
      "afterHooks": [],
      "tests": [],
      "suites": [
        {
          "uuid": "16895ac2-f52e-48b1-b426-e27d41d1df6f",
          "title": "Add Multiple To Cart",
          "fullFile": "",
          "file": "",
          "beforeHooks": [],
          "afterHooks": [],
          "tests": [
            {
              "title": "Should add multiple items to cart",
              "fullTitle": "Add Multiple To Cart Should add multiple items to cart",
              "timedOut": null,
              "duration": 0,
              "state": "pending",
              "speed": null,
              "pass": false,
              "fail": false,
              "pending": false,
              "context": null,
[...]
          "title": "CheckOut Information",
          "fullFile": "",
          "file": "",
          "beforeHooks": [],
          "afterHooks": [],
          "tests": [
            {
              "title": "Should add an Item to cart",
              "fullTitle": "CheckOut Information Should add an Item to cart",
              "timedOut": null,
              "duration": 6039,
              "state": "failed",
              "speed": null,
              "pass": false,
              "fail": true,
              "pending": false,
              "context": null,
              "code": "_checkout.default.checkout('standard_user', 'secret_sauce');\ncy.get('#add-to-cart-sauce-labs-backpack').should('be.visible');\ncy.get('#shopping_cart_container').should('be.visible');",
              "err": {
                "message": "AssertionError: Timed out retrying after 4000ms: Expected to find element: `#add-to-cart-sauce-labs-backpack`, but never found it.",
                "estack": "AssertionError: Timed out retrying after 4000ms: Expected to find element: `#add-to-cart-sauce-labs-backpack`, but never found it.\n    at Context.eval (webpack:///./cypress/e2e/test/checkout.cy.js:11:51)",
                "diff": null
              },
              "uuid": "b39f0583-6a01-4798-a40c-86ce32608dd9",
              "parentUUID": "c4057327-9cde-45e6-83fc-406f70280889",
              "isHook": false,
              "skipped": false
            }
          ],
          "suites": [],
          "passes": [],
          "failures": [
            "b39f0583-6a01-4798-a40c-86ce32608dd9"
          ],
          "pending": [],
          "skipped": [],
          "duration": 6039,
          "root": false,
          "rootEmpty": false,
          "_timeout": 2000
        }
      ],
      "passes": [],
      "failures": [],
      "pending": [],
      "skipped": [],
      "duration": 0,
      "root": true,
      "rootEmpty": true,
      "_timeout": 2000
    },
    {
      "uuid": "621dc460-387a-40de-ad79-4832d69af929",
      "title": "",
      "fullFile": "cypress\\e2e\\test\\login.cy.js",
      "file": "cypress\\e2e\\test\\login.cy.js",
      "beforeHooks": [],
      "afterHooks": [],
      "tests": [],
      "suites": [
        {
          "uuid": "bfb95c23-1781-49e9-b7b6-8ba718679192",
          "title": "login",
          "fullFile": "",
          "file": "",
          "beforeHooks": [],
          "afterHooks": [],
          "tests": [
            {
              "title": "Should login with valid credentials",
              "fullTitle": "login Should login with valid credentials",
              "timedOut": null,
              "duration": 0,
              "state": "pending",
              "speed": null,
              "pass": false,
              "fail": false,
              "pending": false,
              "context": null,
              "code": "_login.default.login('standard_user', 'secret_sauce');\ncy.get('.inventory_item_name').should('be.visible');",
              "err": {},
              "uuid": "1928fa94-0264-4a4a-af26-9d69c557f0dc",
              "parentUUID": "bfb95c23-1781-49e9-b7b6-8ba718679192",
              "isHook": false,
              "skipped": true
            }
          ],
          "suites": [],
          "passes": [],
          "failures": [],
          "pending": [],
          "skipped": [
            "1928fa94-0264-4a4a-af26-9d69c557f0dc"
          ],
          "duration": 0,
          "root": false,
          "rootEmpty": false,
          "_timeout": 2000
        }
      ],
      "passes": [],
      "failures": [],
      "pending": [],
      "skipped": [],
      "duration": 0,
      "root": true,
      "rootEmpty": true,
      "_timeout": 2000
    },
    {
      "uuid": "10636a7c-e21c-4651-a262-96f663bf0930",
      "title": "",
      "fullFile": "cypress\\e2e\\test\\addToCart.cy.js",
      "file": "cypress\\e2e\\test\\addToCart.cy.js",
      "beforeHooks": [],
      "afterHooks": [],
      "tests": [],
      "suites": [
        {
          "uuid": "9ce42221-0210-4ec0-a5f8-1494a4e86e13",
          "title": "Add To Cart",
          "fullFile": "",
          "file": "",
          "beforeHooks": [],
          "afterHooks": [],
          "tests": [
            {
              "title": "Should add an Item to cart",
              "fullTitle": "Add To Cart Should add an Item to cart",
              "timedOut": null,
              "duration": 0,
              "state": "pending",
              "speed": null,
              "pass": false,
              "fail": false,
              "pending": false,
              "context": null,
              "code": "_addToCart.default.addToCart('standard_user', 'secret_sauce');\ncy.get('#add-to-cart-sauce-labs-fleece-jacket').should('be.visible');\ncy.get('#react-burger-menu-btn');",
              "err": {},
              "uuid": "9224e7ca-e09d-4ecd-b2cd-2a0fdc92f570",
              "parentUUID": "9ce42221-0210-4ec0-a5f8-1494a4e86e13",
              "isHook": false,
              "skipped": true
            },
            {
              "title": "Should add multiple items to cart",
              "fullTitle": "Add To Cart Should add multiple items to cart",
              "timedOut": null,
              "duration": 0,
              "state": "pending",
              "speed": null,
              "pass": false,
              "fail": false,
              "pending": false,
              "context": null,
              "code": "_addToCart.default.addToCart('standard_user', 'secret_sauce'); //Add Multiple Items to cart\n\ncy.get('#add-to-cart-sauce-labs-fleece-jacket').click();\ncy.get('#add-to-cart-sauce-labs-bike-light').click();\ncy.get('#add-to-cart-sauce-labs-bolt-t-shirt').click(); //Logout after items are added to cart as part of the workflow\ncy.get('#react-burger-menu-btn').click();\ncy.get('#logout_sidebar_link').click();",
              "err": {},
              "uuid": "c8594e55-fa2c-422b-9cbe-ebbbd7340def",
              "parentUUID": "9ce42221-0210-4ec0-a5f8-1494a4e86e13",
              "isHook": false,
              "skipped": true
            }
          ],
          "suites": [],
          "passes": [],
          "failures": [],
          "pending": [],
          "skipped": [
            "9224e7ca-e09d-4ecd-b2cd-2a0fdc92f570",
            "c8594e55-fa2c-422b-9cbe-ebbbd7340def"
          ],
          "duration": 0,
          "root": false,
          "rootEmpty": false,
          "_timeout": 2000
        }
      ],
      "passes": [],
      "failures": [],
      "pending": [],
      "skipped": [],
      "duration": 0,
      "root": true,
      "rootEmpty": true,
      "_timeout": 2000
    },
    {
      "uuid": "86a4286e-224f-409e-bed2-b6baa2f4d06f",
      "title": "",
      "fullFile": "cypress\\e2e\\test\\checkout.cy.js",
      "file": "cypress\\e2e\\test\\checkout.cy.js",
      "beforeHooks": [],
      "afterHooks": [],
      "tests": [],
      "suites": [
        {
          "uuid": "7890d306-2c11-46ff-a29d-292b5c70cb95",
          "title": "CheckOut Information",
          "fullFile": "",
          "file": "",
          "beforeHooks": [],
          "afterHooks": [],
          "tests": [
            {
              "title": "Should add an Item to cart",
              "fullTitle": "CheckOut Information Should add an Item to cart",
              "timedOut": null,
              "duration": 5826,
              "state": "failed",
              "speed": null,
              "pass": false,
              "fail": true,
              "pending": false,
              "context": null,
              "code": "_checkout.default.checkout('standard_user', 'secret_sauce');\ncy.get('#add-to-cart-sauce-labs-backpack').should('be.visible');\ncy.get('#shopping_cart_container').should('be.visible');",
              "err": {
                "message": "AssertionError: Timed out retrying after 4000ms: Expected to find element: `#add-to-cart-sauce-labs-backpack`, but never found it.",
                "estack": "AssertionError: Timed out retrying after 4000ms: Expected to find element: `#add-to-cart-sauce-labs-backpack`, but never found it.\n    at Context.eval (webpack:///./cypress/e2e/test/checkout.cy.js:11:51)",
                "diff": null
              },
              "uuid": "59cd6bb3-3ee1-4493-9a90-b0a800be2cf3",
              "parentUUID": "7890d306-2c11-46ff-a29d-292b5c70cb95",
              "isHook": false,
              "skipped": false
            }
          ],
          "suites": [],
          "passes": [],
          "failures": [
            "59cd6bb3-3ee1-4493-9a90-b0a800be2cf3"
          ],
          "pending": [],
          "skipped": [],
          "duration": 5826,
          "root": false,
          "rootEmpty": false,
          "_timeout": 2000
        }
      ],
      "passes": [],
      "failures": [],
      "pending": [],
      "skipped": [],
      "duration": 0,
      "root": true,
      "rootEmpty": true,
      "_timeout": 2000
    },
    {
      "uuid": "f0cf5e3e-89b1-42fb-ad2a-2492c2e0a600",
      "title": "",
      "fullFile": "cypress\\e2e\\test\\login.cy.js",
      "file": "cypress\\e2e\\test\\login.cy.js",
      "beforeHooks": [],
      "afterHooks": [],
      "tests": [],
      "suites": [
        {
          "uuid": "8f5fde79-b38e-48d1-bbbb-57d0609efaec",
          "title": "login",
          "fullFile": "",
          "file": "",
          "beforeHooks": [],
          "afterHooks": [],
          "tests": [
            {
              "title": "Should login with valid credentials",
              "fullTitle": "login Should login with valid credentials",
              "timedOut": null,
              "duration": 0,
              "state": "pending",
              "speed": null,
              "pass": false,
              "fail": false,
              "pending": false,
              "context": null,
              "code": "_login.default.login('standard_user', 'secret_sauce');\ncy.get('.inventory_item_name').should('be.visible');",
              "err": {},
              "uuid": "46c75c63-0e96-4697-ac08-ac5f81a294a9",
              "parentUUID": "8f5fde79-b38e-48d1-bbbb-57d0609efaec",
              "isHook": false,
              "skipped": true
            }
          ],
          "suites": [],
          "passes": [],
          "failures": [],
          "pending": [],
          "skipped": [
            "46c75c63-0e96-4697-ac08-ac5f81a294a9"
          ],
          "duration": 0,
          "root": false,
          "rootEmpty": false,
          "_timeout": 2000
        }
      ],
      "passes": [],
      "failures": [],
      "pending": [],
      "skipped": [],
      "duration": 0,
      "root": true,
      "rootEmpty": true,
      "_timeout": 2000
    },
    {
      "uuid": "61ccf07b-3b1f-4872-b34b-72d9b9c2dbbd",
      "title": "",
      "fullFile": "cypress\\e2e\\test\\addToCart.cy.js",
      "file": "cypress\\e2e\\test\\addToCart.cy.js",
      "beforeHooks": [],
      "afterHooks": [],
      "tests": [],
      "suites": [
        {
          "uuid": "7961a1a3-e11d-484c-8b32-e59c4428e567",
          "title": "Add To Cart",
          "fullFile": "",
          "file": "",
          "beforeHooks": [],
          "afterHooks": [],
          "tests": [
            {
              "title": "Should add an Item to cart",
              "fullTitle": "Add To Cart Should add an Item to cart",
              "timedOut": null,
              "duration": 0,
              "state": "pending",
              "speed": null,
              "pass": false,
              "fail": false,
              "pending": false,
              "context": null,
              "code": "_addToCart.default.addToCart('standard_user', 'secret_sauce');\ncy.get('#add-to-cart-sauce-labs-fleece-jacket').should('be.visible');\ncy.get('#react-burger-menu-btn');",
              "err": {},
              "uuid": "ee4b2083-2147-4c43-9c25-c56c984b04aa",
              "parentUUID": "7961a1a3-e11d-484c-8b32-e59c4428e567",
              "isHook": false,
              "skipped": true
            },
            {
              "title": "Should add multiple items to cart",
              "fullTitle": "Add To Cart Should add multiple items to cart",
              "timedOut": null,
              "duration": 0,
              "state": "pending",
              "speed": null,
              "pass": false,
              "fail": false,
              "pending": false,
              "context": null,
              "code": "_addToCart.default.addToCart('standard_user', 'secret_sauce'); //Add Multiple Items to cart\n\ncy.get('#add-to-cart-sauce-labs-fleece-jacket').click();\ncy.get('#add-to-cart-sauce-labs-bike-light').click();\ncy.get('#add-to-cart-sauce-labs-bolt-t-shirt').click(); //Logout after items are added to cart as part of the workflow\ncy.get('#react-burger-menu-btn').click();\ncy.get('#logout_sidebar_link').click();",
              "err": {},
              "uuid": "c6b1e92c-d7dd-423f-9b54-d4f595b39418",
              "parentUUID": "7961a1a3-e11d-484c-8b32-e59c4428e567",
              "isHook": false,
              "skipped": true
            }
          ],
          "suites": [],
          "passes": [],
          "failures": [],
          "pending": [],
          "skipped": [
            "ee4b2083-2147-4c43-9c25-c56c984b04aa",
            "c6b1e92c-d7dd-423f-9b54-d4f595b39418"
          ],
          "duration": 0,
          "root": false,
          "rootEmpty": false,
          "_timeout": 2000
        }
      ],
      "passes": [],
      "failures": [],
      "pending": [],
      "skipped": [],
      "duration": 0,
      "root": true,
      "rootEmpty": true,
      "_timeout": 2000
    },
    {
      "uuid": "52238019-391c-42ff-9dad-47f554d980ce",
      "title": "",
      "fullFile": "cypress\\e2e\\test\\checkout.cy.js",
      "file": "cypress\\e2e\\test\\checkout.cy.js",
      "beforeHooks": [],
      "afterHooks": [],
      "tests": [],
      "suites": [
        {
          "uuid": "80be42fa-8427-49c2-a9ae-ae629b9999f1",
          "title": "CheckOut Information",
          "fullFile": "",
          "file": "",
          "beforeHooks": [],
          "afterHooks": [],
          "tests": [
            {
              "title": "Should navigate to the checkout info page",
              "fullTitle": "CheckOut Information Should navigate to the checkout info page",
              "timedOut": null,
              "duration": 6127,
              "state": "failed",
              "speed": null,
              "pass": false,
              "fail": true,
              "pending": false,
              "context": null,
              "code": "_checkout.default.checkout('standard_user', 'secret_sauce');\ncy.get('#add-to-cart-sauce-labs-backpack').should('be.visible');\ncy.get('#shopping_cart_container').click();",
              "err": {
                "message": "AssertionError: Timed out retrying after 4000ms: Expected to find element: `#add-to-cart-sauce-labs-backpack`, but never found it.",
                "estack": "AssertionError: Timed out retrying after 4000ms: Expected to find element: `#add-to-cart-sauce-labs-backpack`, but never found it.\n    at Context.eval (webpack:///./cypress/e2e/test/checkout.cy.js:11:51)",
                "diff": null
              },
              "uuid": "d7151920-4b31-4dfa-868f-a4dda2e5adc6",
              "parentUUID": "80be42fa-8427-49c2-a9ae-ae629b9999f1",
              "isHook": false,
              "skipped": false
            }
          ],
          "suites": [],
          "passes": [],
          "failures": [
            "d7151920-4b31-4dfa-868f-a4dda2e5adc6"
          ],
          "pending": [],
          "skipped": [],
          "duration": 6127,
          "root": false,
          "rootEmpty": false,
          "_timeout": 2000
        }
      ],
      "passes": [],
      "failures": [],
      "pending": [],
      "skipped": [],
      "duration": 0,
      "root": true,
      "rootEmpty": true,
      "_timeout": 2000
    },
    {
      "uuid": "b2a5d925-c12b-483c-a577-5d71e423ebe9",
      "title": "",
      "fullFile": "cypress\\e2e\\test\\login.cy.js",
      "file": "cypress\\e2e\\test\\login.cy.js",
      "beforeHooks": [],
      "afterHooks": [],
      "tests": [],
      "suites": [
        {
          "uuid": "1c4e7a6a-9023-4c6d-a623-5f4963854c83",
          "title": "login",
          "fullFile": "",
          "file": "",
          "beforeHooks": [],
          "afterHooks": [],
          "tests": [
            {
              "title": "Should login with valid credentials",
              "fullTitle": "login Should login with valid credentials",
              "timedOut": null,
              "duration": 0,
              "state": "pending",
              "speed": null,
              "pass": false,
              "fail": false,
              "pending": false,
              "context": null,
              "code": "_login.default.login('standard_user', 'secret_sauce');\ncy.get('.inventory_item_name').should('be.visible');",
              "err": {},
              "uuid": "ef80c53b-faed-4cfa-923c-4142cf3a5f7c",
              "parentUUID": "1c4e7a6a-9023-4c6d-a623-5f4963854c83",
              "isHook": false,
              "skipped": true
            }
          ],
          "suites": [],
          "passes": [],
          "failures": [],
          "pending": [],
          "skipped": [
            "ef80c53b-faed-4cfa-923c-4142cf3a5f7c"
          ],
          "duration": 0,
          "root": false,
          "rootEmpty": false,
          "_timeout": 2000
        }
      ],
      "passes": [],
      "failures": [],
      "pending": [],
      "skipped": [],
      "duration": 0,
      "root": true,
      "rootEmpty": true,
      "_timeout": 2000
    },
    {
      "uuid": "99ffe8d5-a420-45a6-817f-cadb55567f03",
      "title": "",
      "fullFile": "cypress\\e2e\\test\\addToCart.cy.js",
      "file": "cypress\\e2e\\test\\addToCart.cy.js",
      "beforeHooks": [],
      "afterHooks": [],
      "tests": [],
      "suites": [
        {
          "uuid": "a94b95e5-4453-4fe8-bed1-9771ca18def1",
          "title": "Add To Cart",
          "fullFile": "",
          "file": "",
          "beforeHooks": [],
          "afterHooks": [],
          "tests": [
            {
              "title": "Should add an Item to cart",
              "fullTitle": "Add To Cart Should add an Item to cart",
              "timedOut": null,
              "duration": 1995,
              "state": "passed",
              "speed": "fast",
              "pass": true,
              "fail": false,
              "pending": false,
              "context": null,
              "code": "_addToCart.default.addToCart('standard_user', 'secret_sauce');\ncy.get('#add-to-cart-sauce-labs-fleece-jacket').should('be.visible');",
              "err": {},
              "uuid": "700b1956-03a1-4a42-9734-fe8d4932e2eb",
              "parentUUID": "a94b95e5-4453-4fe8-bed1-9771ca18def1",
              "isHook": false,
              "skipped": false
            }
          ],
          "suites": [],
          "passes": [
            "700b1956-03a1-4a42-9734-fe8d4932e2eb"
          ],
          "failures": [],
          "pending": [],
          "skipped": [],
          "duration": 1995,
          "root": false,
          "rootEmpty": false,
          "_timeout": 2000
        }
      ],
      "passes": [],
      "failures": [],
      "pending": [],
      "skipped": [],
      "duration": 0,
      "root": true,
      "rootEmpty": true,
      "_timeout": 2000
    }
  ],
  "meta": {
    "mocha": {
      "version": "7.0.1"
    },
    "mochawesome": {
      "options": {
        "quiet": false,
        "reportFilename": "mochawesome",
        "saveHtml": false,
        "saveJson": true,
        "consoleReporter": "spec",
        "useInlineDiffs": false,
        "code": true
      },
      "version": "7.1.3"
    },
    "marge": {
      "options": {
        "reportDir": "cypress/reports",
        "overwrite": false,
        "html": false,
        "json": true
      },
      "version": "6.2.0"
    }
  }
}