{
  "stats": {
    "suites": 1,
    "tests": 2,
    "passes": 1,
    "pending": 0,
    "failures": 1,
    "start": "2022-11-29T01:39:14.218Z",
    "end": "2022-11-29T01:39:17.410Z",
    "duration": 3192,
    "testsRegistered": 2,
    "passPercent": 50,
    "pendingPercent": 0,
    "other": 0,
    "hasOther": false,
    "skipped": 0,
    "hasSkipped": false
  },
  "results": [
    {
      "uuid": "a557d576-8f73-4f47-88b6-8ee0234d438e",
      "title": "",
      "fullFile": "cypress\\e2e\\test\\addToCart.cy.js",
      "file": "cypress\\e2e\\test\\addToCart.cy.js",
      "beforeHooks": [],
      "afterHooks": [],
      "tests": [],
      "suites": [
        {
          "uuid": "5a36c682-02aa-461c-8980-113f5aebb546",
          "title": "Add To Cart",
          "fullFile": "",
          "file": "",
          "beforeHooks": [],
          "afterHooks": [],
          "tests": [
            {
              "title": "Should add an Item to cart",
              "fullTitle": "Add To Cart Should add an Item to cart",
              "timedOut": null,
              "duration": 1609,
              "state": "passed",
              "speed": "fast",
              "pass": true,
              "fail": false,
              "pending": false,
              "context": null,
              "code": "_addToCart.default.addToCart('standard_user', 'secret_sauce');\ncy.get('#add-to-cart-sauce-labs-fleece-jacket').should('be.visible');",
              "err": {},
              "uuid": "9f2edd0e-ac66-4919-9657-f4f7e3961f9a",
              "parentUUID": "5a36c682-02aa-461c-8980-113f5aebb546",
              "isHook": false,
              "skipped": false
            },
            {
              "title": "Should add multiple items to cart",
              "fullTitle": "Add To Cart Should add multiple items to cart",
              "timedOut": null,
              "duration": 1492,
              "state": "failed",
              "speed": null,
              "pass": false,
              "fail": true,
              "pending": false,
              "context": null,
              "code": "_addToCart.default.addToCartMultiple('standard_user', 'secret_sauce');\ncy.get('#add-to-cart-sauce-labs-backpack', '#add-to-cart-sauce-labs-fleece-jacket', '#add-to-cart-sauce-labs-bike-light').should('be.visible');",
              "err": {
                "message": "CypressError: `cy.get()` only accepts an options object for its second argument. You passed #add-to-cart-sauce-labs-fleece-jacket\n\nhttps://on.cypress.io/get",
                "estack": "CypressError: `cy.get()` only accepts an options object for its second argument. You passed #add-to-cart-sauce-labs-fleece-jacket\n\nhttps://on.cypress.io/get\n    at Context.get (https://www.saucedemo.com/__cypress/runner/cypress_runner.js:143115:85)\n    at wrapped (https://www.saucedemo.com/__cypress/runner/cypress_runner.js:157809:43)\nFrom Your Spec Code:\n    at Context.eval (webpack:///./cypress/e2e/test/addToCart.cy.js:17:11)",
                "diff": null
              },
              "uuid": "09a29380-f04d-4167-bf5c-ae3bb87499f5",
              "parentUUID": "5a36c682-02aa-461c-8980-113f5aebb546",
              "isHook": false,
              "skipped": false
            }
          ],
          "suites": [],
          "passes": [
            "9f2edd0e-ac66-4919-9657-f4f7e3961f9a"
          ],
          "failures": [
            "09a29380-f04d-4167-bf5c-ae3bb87499f5"
          ],
          "pending": [],
          "skipped": [],
          "duration": 3101,
          "root": false,
          "rootEmpty": false,
          "_timeout": 2000
        }
      ],
      "passes": [],
      "failures": [],
      "pending": [],
      "skipped": [],
      "duration": 0,
      "root": true,
      "rootEmpty": true,
      "_timeout": 2000
    }
  ],
  "meta": {
    "mocha": {
      "version": "7.0.1"
    },
    "mochawesome": {
      "options": {
        "quiet": false,
        "reportFilename": "mochawesome",
        "saveHtml": false,
        "saveJson": true,
        "consoleReporter": "spec",
        "useInlineDiffs": false,
        "code": true
      },
      "version": "7.1.3"
    },
    "marge": {
      "options": {
        "reportDir": "cypress/reports",
        "overwrite": false,
        "html": false,
        "json": true
      },
      "version": "6.2.0"
    }
  }
}