{
  "stats": {
    "suites": 1,
    "tests": 1,
    "passes": 0,
    "pending": 1,
    "failures": 0,
    "start": "2022-12-03T15:15:17.473Z",
    "end": "2022-12-03T15:15:17.494Z",
    "duration": 21,
    "testsRegistered": 1,
    "passPercent": null,
    "pendingPercent": 100,
    "other": 0,
    "hasOther": false,
    "skipped": 1,
    "hasSkipped": true
  },
  "results": [
    {
      "uuid": "94cf57ef-309f-41fd-bc84-d20b48aede38",
      "title": "",
      "fullFile": "cypress\\e2e\\test\\removeItemProductList.cy.js",
      "file": "cypress\\e2e\\test\\removeItemProductList.cy.js",
      "beforeHooks": [],
      "afterHooks": [],
      "tests": [],
      "suites": [
        {
          "uuid": "dcc6443b-35e5-4696-9ec3-6c46bc87a2e8",
          "title": "Remove from Product List",
          "fullFile": "",
          "file": "",
          "beforeHooks": [],
          "afterHooks": [],
          "tests": [
            {
              "title": "Should remove an Item from Product List",
              "fullTitle": "Remove from Product List Should remove an Item from Product List",
              "timedOut": null,
              "duration": 0,
              "state": "pending",
              "speed": null,
              "pass": false,
              "fail": false,
              "pending": false,
              "context": null,
              "code": "_login.default.login('standard_user', 'secret_sauce');\n_removeItemProductList.default.removeFromProductList('Mickayla', 'Crossdale', 'JMACE25');\ncy.get('.title').should('be.visible');",
              "err": {},
              "uuid": "d3f8978e-86c5-483c-a91c-d1087503510f",
              "parentUUID": "dcc6443b-35e5-4696-9ec3-6c46bc87a2e8",
              "isHook": false,
              "skipped": true
            }
          ],
          "suites": [],
          "passes": [],
          "failures": [],
          "pending": [],
          "skipped": [
            "d3f8978e-86c5-483c-a91c-d1087503510f"
          ],
          "duration": 0,
          "root": false,
          "rootEmpty": false,
          "_timeout": 2000
        }
      ],
      "passes": [],
      "failures": [],
      "pending": [],
      "skipped": [],
      "duration": 0,
      "root": true,
      "rootEmpty": true,
      "_timeout": 2000
    }
  ],
  "meta": {
    "mocha": {
      "version": "7.0.1"
    },
    "mochawesome": {
      "options": {
        "quiet": false,
        "reportFilename": "mochawesome",
        "saveHtml": false,
        "saveJson": true,
        "consoleReporter": "spec",
        "useInlineDiffs": false,
        "code": true
      },
      "version": "7.1.3"
    },
    "marge": {
      "options": {
        "reportDir": "cypress/reports",
        "overwrite": false,
        "html": false,
        "json": true
      },
      "version": "6.2.0"
    }
  }
}