{
  "stats": {
    "suites": 1,
    "tests": 1,
    "passes": 0,
    "pending": 5,
    "failures": -4,
    "start": "2022-12-03T01:59:14.053Z",
    "end": "2022-12-03T01:59:14.092Z",
    "duration": 39,
    "testsRegistered": 5,
    "passPercent": null,
    "pendingPercent": 100,
    "other": 4,
    "hasOther": true,
    "skipped": 5,
    "hasSkipped": true
  },
  "results": [
    {
      "uuid": "70818379-e012-4f85-a7c0-0f1514e17a49",
      "title": "",
      "fullFile": "cypress\\e2e\\test\\addToCart.cy.js",
      "file": "cypress\\e2e\\test\\addToCart.cy.js",
      "beforeHooks": [],
      "afterHooks": [],
      "tests": [],
      "suites": [
        {
          "uuid": "bc898972-5b1d-4ca0-9461-d6ebe6c70040",
          "title": "Add To Cart",
          "fullFile": "",
          "file": "",
          "beforeHooks": [],
          "afterHooks": [],
          "tests": [
            {
              "title": "Should add an Item to cart",
              "fullTitle": "Add To Cart Should add an Item to cart",
              "timedOut": null,
              "duration": 0,
              "state": "pending",
              "speed": null,
              "pass": false,
              "fail": false,
              "pending": false,
              "context": null,
              "code": "_addToCart.default.addToCart('standard_user', 'secret_sauce');\ncy.get('#add-to-cart-sauce-labs-fleece-jacket').should('be.visible');\ncy.get('#react-burger-menu-btn');",
              "err": {},
              "uuid": "a6a080ec-9079-48a8-9469-1bac8db07454",
              "parentUUID": "bc898972-5b1d-4ca0-9461-d6ebe6c70040",
              "isHook": false,
              "skipped": true
            },
            {
              "title": "Should checkout with multiple items in cart",
              "fullTitle": "Add To Cart Should checkout with multiple items in cart",
              "timedOut": null,
              "duration": 0,
              "state": "pending",
              "speed": null,
              "pass": false,
              "fail": false,
              "pending": false,
              "context": null,
              "code": "_login.default.login('standard_user', 'secret_sauce');\n_checkout.default.checkout('Mickayla', 'Crossdale', 'JMACE25');\ncy.get('.complete-header').should('be.visible');",
              "err": {},
              "uuid": "a31894c1-89aa-4c7d-9948-36abbea0cd82",
              "parentUUID": "bc898972-5b1d-4ca0-9461-d6ebe6c70040",
              "isHook": false,
              "skipped": true
            },
            {
              "title": "Should have a single item in cart",
              "fullTitle": "Add To Cart Should have a single item in cart",
              "timedOut": null,
              "duration": 0,
              "state": "pending",
              "speed": null,
              "pass": false,
              "fail": false,
              "pending": false,
              "context": null,
              "code": "_login.default.login('standard_user', 'secret_sauce');\n_checkout.default.checkoutSingle();\ncy.get('.inventory_item_name').should('be.visible');",
              "err": {},
              "uuid": "c562a7ae-d036-4169-aa99-79df13d4eeb6",
              "parentUUID": "bc898972-5b1d-4ca0-9461-d6ebe6c70040",
              "isHook": false,
              "skipped": true
            },
            {
              "title": "Should have multiple items in cart overview",
              "fullTitle": "Add To Cart Should have multiple items in cart overview",
              "timedOut": null,
              "duration": 0,
              "state": "pending",
              "speed": null,
              "pass": false,
              "fail": false,
              "pending": false,
              "context": null,
              "code": "_login.default.login('standard_user', 'secret_sauce');\n_checkout.default.checkoutOverview('Mickayla', 'Crossdale', 'JMACE25');\ncy.get('.inventory_item_name').should('be.visible');",
              "err": {},
              "uuid": "6a61dff0-e7c1-4e64-963f-12cb2590f331",
              "parentUUID": "bc898972-5b1d-4ca0-9461-d6ebe6c70040",
              "isHook": false,
              "skipped": true
            },
            {
              "title": "Should add multiple items to cart",
              "fullTitle": "Add To Cart Should add multiple items to cart",
              "timedOut": null,
              "duration": 0,
              "state": "pending",
              "speed": null,
              "pass": false,
              "fail": false,
              "pending": false,
              "context": null,
              "code": "_login.default.login('standard_user', 'secret_sauce');\n_checkout.default.checkoutMultipleData('Mickayla', 'Crossdale', 'JMACE25');\ncy.get('.summary_total_label').should('have.text', '82.05');",
              "err": {},
              "uuid": "e531651d-86da-4afe-aeb7-adb9e34a8a5b",
              "parentUUID": "bc898972-5b1d-4ca0-9461-d6ebe6c70040",
              "isHook": false,
              "skipped": true
            }
          ],
          "suites": [],
          "passes": [],
          "failures": [],
          "pending": [],
          "skipped": [
            "a6a080ec-9079-48a8-9469-1bac8db07454",
            "a31894c1-89aa-4c7d-9948-36abbea0cd82",
            "c562a7ae-d036-4169-aa99-79df13d4eeb6",
            "6a61dff0-e7c1-4e64-963f-12cb2590f331",
            "e531651d-86da-4afe-aeb7-adb9e34a8a5b"
          ],
          "duration": 0,
          "root": false,
          "rootEmpty": false,
          "_timeout": 2000
        }
      ],
      "passes": [],
      "failures": [],
      "pending": [],
      "skipped": [],
      "duration": 0,
      "root": true,
      "rootEmpty": true,
      "_timeout": 2000
    }
  ],
  "meta": {
    "mocha": {
      "version": "7.0.1"
    },
    "mochawesome": {
      "options": {
        "quiet": false,
        "reportFilename": "mochawesome",
        "saveHtml": false,
        "saveJson": true,
        "consoleReporter": "spec",
        "useInlineDiffs": false,
        "code": true
      },
      "version": "7.1.3"
    },
    "marge": {
      "options": {
        "reportDir": "cypress/reports",
        "overwrite": false,
        "html": false,
        "json": true
      },
      "version": "6.2.0"
    }
  }
}