{
  "stats": {
    "suites": 1,
    "tests": 1,
    "passes": 0,
    "pending": 0,
    "failures": 1,
    "start": "2022-12-02T23:43:55.526Z",
    "end": "2022-12-02T23:44:03.538Z",
    "duration": 8012,
    "testsRegistered": 1,
    "passPercent": 0,
    "pendingPercent": 0,
    "other": 0,
    "hasOther": false,
    "skipped": 0,
    "hasSkipped": false
  },
  "results": [
    {
      "uuid": "001159e8-9f7e-41aa-8f45-8610250a59e4",
      "title": "",
      "fullFile": "cypress\\e2e\\test\\addToCart.cy.js",
      "file": "cypress\\e2e\\test\\addToCart.cy.js",
      "beforeHooks": [],
      "afterHooks": [],
      "tests": [],
      "suites": [
        {
          "uuid": "55ba646e-8926-495d-9f85-d213246a11e7",
          "title": "Add To Cart",
          "fullFile": "",
          "file": "",
          "beforeHooks": [],
          "afterHooks": [],
          "tests": [
            {
              "title": "Should add multiple items to cart",
              "fullTitle": "Add To Cart Should add multiple items to cart",
              "timedOut": null,
              "duration": 7946,
              "state": "failed",
              "speed": null,
              "pass": false,
              "fail": true,
              "pending": false,
              "context": null,
              "code": "_login.default.login('standard_user', 'secret_sauce');\n_checkout.default.checkoutMultipleData('Mickayla', 'Crossdale', 'JMACE25');\ncy.get('.summary_total_label').should('have.text', '60.45');",
              "err": {
                "message": "AssertionError: Timed out retrying after 4000ms: expected '<div.summary_total_label>' to have text '60.45', but the text was 'Total: $82.05'",
                "estack": "AssertionError: Timed out retrying after 4000ms: expected '<div.summary_total_label>' to have text '60.45', but the text was 'Total: $82.05'\n    at Context.eval (webpack:///./cypress/e2e/test/addToCart.cy.js:46:39)",
                "diff": "- 'Total: $82.05'\n+ '60.45'\n"
              },
              "uuid": "6419d87d-26d2-46e6-9ede-29b20f63588c",
              "parentUUID": "55ba646e-8926-495d-9f85-d213246a11e7",
              "isHook": false,
              "skipped": false
            }
          ],
          "suites": [],
          "passes": [],
          "failures": [
            "6419d87d-26d2-46e6-9ede-29b20f63588c"
          ],
          "pending": [],
          "skipped": [],
          "duration": 7946,
          "root": false,
          "rootEmpty": false,
          "_timeout": 2000
        }
      ],
      "passes": [],
      "failures": [],
      "pending": [],
      "skipped": [],
      "duration": 0,
      "root": true,
      "rootEmpty": true,
      "_timeout": 2000
    }
  ],
  "meta": {
    "mocha": {
      "version": "7.0.1"
    },
    "mochawesome": {
      "options": {
        "quiet": false,
        "reportFilename": "mochawesome",
        "saveHtml": false,
        "saveJson": true,
        "consoleReporter": "spec",
        "useInlineDiffs": false,
        "code": true
      },
      "version": "7.1.3"
    },
    "marge": {
      "options": {
        "reportDir": "cypress/reports",
        "overwrite": false,
        "html": false,
        "json": true
      },
      "version": "6.2.0"
    }
  }
}