{
  "stats": {
    "suites": 1,
    "tests": 1,
    "passes": 0,
    "pending": 0,
    "failures": 1,
    "start": "2022-11-29T02:35:53.167Z",
    "end": "2022-11-29T02:35:59.600Z",
    "duration": 6433,
    "testsRegistered": 1,
    "passPercent": 0,
    "pendingPercent": 0,
    "other": 0,
    "hasOther": false,
    "skipped": 0,
    "hasSkipped": false
  },
  "results": [
    {
      "uuid": "9aad39d7-4a64-4b2d-8fde-ec906e0316d6",
      "title": "",
      "fullFile": "cypress\\e2e\\test\\addToCartMltple.cy.js",
      "file": "cypress\\e2e\\test\\addToCartMltple.cy.js",
      "beforeHooks": [],
      "afterHooks": [],
      "tests": [],
      "suites": [
        {
          "uuid": "7470b16f-7f5f-4847-8cdd-cc5b3bc4a7b5",
          "title": "Add To Cart Multiple",
          "fullFile": "",
          "file": "",
          "beforeHooks": [],
          "afterHooks": [],
          "tests": [
            {
              "title": "Should add multiple items to cart",
              "fullTitle": "Add To Cart Multiple Should add multiple items to cart",
              "timedOut": null,
              "duration": 6354,
              "state": "failed",
              "speed": null,
              "pass": false,
              "fail": true,
              "pending": false,
              "context": null,
              "code": "_addToCartMltple.default.addToCartMultiple('standard_user', 'secret_sauce');\ncy.get('#add-to-cart-sauce-labs-backpack').should('be.visible');\ncy.get('#add-to-cart-sauce-labs-bike-light').should('be.visible');\ncy.get('#add-to-cart-sauce-labs-fleece-jacket').should('be.visible');",
              "err": {
                "message": "AssertionError: Timed out retrying after 4000ms: Expected to find element: `#add-to-cart-sauce-labs-backpack`, but never found it.",
                "estack": "AssertionError: Timed out retrying after 4000ms: Expected to find element: `#add-to-cart-sauce-labs-backpack`, but never found it.\n    at Context.eval (webpack:///./cypress/e2e/test/addToCartMltple.cy.js:11:51)",
                "diff": null
              },
              "uuid": "4d877de9-e69c-4320-a2d1-c73d4d8693e4",
              "parentUUID": "7470b16f-7f5f-4847-8cdd-cc5b3bc4a7b5",
              "isHook": false,
              "skipped": false
            }
          ],
          "suites": [],
          "passes": [],
          "failures": [
            "4d877de9-e69c-4320-a2d1-c73d4d8693e4"
          ],
          "pending": [],
          "skipped": [],
          "duration": 6354,
          "root": false,
          "rootEmpty": false,
          "_timeout": 2000
        }
      ],
      "passes": [],
      "failures": [],
      "pending": [],
      "skipped": [],
      "duration": 0,
      "root": true,
      "rootEmpty": true,
      "_timeout": 2000
    }
  ],
  "meta": {
    "mocha": {
      "version": "7.0.1"
    },
    "mochawesome": {
      "options": {
        "quiet": false,
        "reportFilename": "mochawesome",
        "saveHtml": false,
        "saveJson": true,
        "consoleReporter": "spec",
        "useInlineDiffs": false,
        "code": true
      },
      "version": "7.1.3"
    },
    "marge": {
      "options": {
        "reportDir": "cypress/reports",
        "overwrite": false,
        "html": false,
        "json": true
      },
      "version": "6.2.0"
    }
  }
}