{
  "stats": {
    "suites": 1,
    "tests": 2,
    "passes": 1,
    "pending": 0,
    "failures": 1,
    "start": "2022-11-30T04:16:32.709Z",
    "end": "2022-11-30T04:16:40.448Z",
    "duration": 7739,
    "testsRegistered": 2,
    "passPercent": 50,
    "pendingPercent": 0,
    "other": 0,
    "hasOther": false,
    "skipped": 0,
    "hasSkipped": false
  },
  "results": [
    {
      "uuid": "e1de2fb9-d693-47bc-9faf-06a65bcffe9b",
      "title": "",
      "fullFile": "cypress\\e2e\\test\\addToCart.cy.js",
      "file": "cypress\\e2e\\test\\addToCart.cy.js",
      "beforeHooks": [],
      "afterHooks": [],
      "tests": [],
      "suites": [
        {
          "uuid": "5db90592-ab33-4fa7-b87b-c9533ec94b68",
          "title": "Add To Cart",
          "fullFile": "",
          "file": "",
          "beforeHooks": [],
          "afterHooks": [],
          "tests": [
            {
              "title": "Should add an Item to cart",
              "fullTitle": "Add To Cart Should add an Item to cart",
              "timedOut": null,
              "duration": 1721,
              "state": "passed",
              "speed": "fast",
              "pass": true,
              "fail": false,
              "pending": false,
              "context": null,
              "code": "_addToCart.default.addToCart('standard_user', 'secret_sauce');\ncy.get('#add-to-cart-sauce-labs-fleece-jacket').should('be.visible');\ncy.get('#react-burger-menu-btn');",
              "err": {},
              "uuid": "e55ee124-36a8-427f-8507-6ba6f1d056ad",
              "parentUUID": "5db90592-ab33-4fa7-b87b-c9533ec94b68",
              "isHook": false,
              "skipped": false
            },
            {
              "title": "Should add multiple items to cart",
              "fullTitle": "Add To Cart Should add multiple items to cart",
              "timedOut": null,
              "duration": 5937,
              "state": "failed",
              "speed": null,
              "pass": false,
              "fail": true,
              "pending": false,
              "context": null,
              "code": "_addToCart.default.addToCart('standard_user', 'secret_sauce');\ncy.get('#add-to-cart-sauce-labs-fleece-jacket').click();\ncy.get('#add-to-cart-sauce-labs-bike-light').click();\ncy.get('#add-to-cart-sauce-labs-fleece-jacket').click();",
              "err": {
                "message": "AssertionError: Timed out retrying after 4000ms: Expected to find element: `#add-to-cart-sauce-labs-fleece-jacket`, but never found it.",
                "estack": "AssertionError: Timed out retrying after 4000ms: Expected to find element: `#add-to-cart-sauce-labs-fleece-jacket`, but never found it.\n    at Context.eval (webpack:///./cypress/e2e/test/addToCart.cy.js:20:11)",
                "diff": null
              },
              "uuid": "93b970b4-9a64-4554-9b36-be4059159305",
              "parentUUID": "5db90592-ab33-4fa7-b87b-c9533ec94b68",
              "isHook": false,
              "skipped": false
            }
          ],
          "suites": [],
          "passes": [
            "e55ee124-36a8-427f-8507-6ba6f1d056ad"
          ],
          "failures": [
            "93b970b4-9a64-4554-9b36-be4059159305"
          ],
          "pending": [],
          "skipped": [],
          "duration": 7658,
          "root": false,
          "rootEmpty": false,
          "_timeout": 2000
        }
      ],
      "passes": [],
      "failures": [],
      "pending": [],
      "skipped": [],
      "duration": 0,
      "root": true,
      "rootEmpty": true,
      "_timeout": 2000
    }
  ],
  "meta": {
    "mocha": {
      "version": "7.0.1"
    },
    "mochawesome": {
      "options": {
        "quiet": false,
        "reportFilename": "mochawesome",
        "saveHtml": false,
        "saveJson": true,
        "consoleReporter": "spec",
        "useInlineDiffs": false,
        "code": true
      },
      "version": "7.1.3"
    },
    "marge": {
      "options": {
        "reportDir": "cypress/reports",
        "overwrite": false,
        "html": false,
        "json": true
      },
      "version": "6.2.0"
    }
  }
}