{
  "stats": {
    "suites": 1,
    "tests": 2,
    "passes": 0,
    "pending": 0,
    "failures": 2,
    "start": "2022-12-06T01:54:35.090Z",
    "end": "2022-12-06T01:54:43.108Z",
    "duration": 8018,
    "testsRegistered": 3,
    "passPercent": 0,
    "pendingPercent": 0,
    "other": 0,
    "hasOther": false,
    "skipped": 1,
    "hasSkipped": true
  },
  "results": [
    {
      "uuid": "60410e60-1fff-420f-b89b-b8304f65d2c0",
      "title": "",
      "fullFile": "cypress\\e2e\\test\\addToCart.cy.js",
      "file": "cypress\\e2e\\test\\addToCart.cy.js",
      "beforeHooks": [],
      "afterHooks": [],
      "tests": [],
      "suites": [
        {
          "uuid": "3186d844-bb99-490a-907f-5cda273eeaad",
          "title": "Add To Cart",
          "fullFile": "",
          "file": "",
          "beforeHooks": [],
          "afterHooks": [],
          "tests": [
            {
              "title": "Should add multiple items to cart",
              "fullTitle": "Add To Cart Should add multiple items to cart",
              "timedOut": null,
              "duration": 7559,
              "state": "failed",
              "speed": null,
              "pass": false,
              "fail": true,
              "pending": false,
              "context": null,
              "code": "_login.default.login('standard_user', 'secret_sauce');\n_checkout.default.checkoutMultipleData('Mickayla', 'Crossdale', 'JMACE25');\ncy.get('.summary_total_label').should('have.text', '82.05');",
              "err": {
                "message": "AssertionError: Timed out retrying after 4000ms: expected '<div.summary_total_label>' to have text '82.05', but the text was 'Total: $82.05'",
                "estack": "AssertionError: Timed out retrying after 4000ms: expected '<div.summary_total_label>' to have text '82.05', but the text was 'Total: $82.05'\n    at Context.eval (webpack:///./cypress/e2e/test/addToCart.cy.js:50:39)",
                "diff": "- 'Total: $82.05'\n+ '82.05'\n"
              },
              "uuid": "805e008d-70ac-4453-bf16-d5eed542f196",
              "parentUUID": "3186d844-bb99-490a-907f-5cda273eeaad",
              "isHook": false,
              "skipped": false
            },
            {
              "title": "Should not checkout without inserting checkout information",
              "fullTitle": "Add To Cart Should not checkout without inserting checkout information",
              "timedOut": null,
              "duration": 376,
              "state": "failed",
              "speed": null,
              "pass": false,
              "fail": true,
              "pending": false,
              "context": null,
              "code": "_login.default.login('standard_user', 'secret_sauce');\n_checkoutInformation.default.checkoutInformation();\ncy.get('.error-message-container.error').should('be.visible');",
              "err": {
                "message": "TypeError: Cannot set property message of  which has only a getter\n\nBecause this error occurred during a `before each` hook we are skipping the remaining tests in the current suite: `Add To Cart`",
                "estack": "TypeError: Cannot set property message of  which has only a getter\n\nBecause this error occurred during a `before each` hook we are skipping the remaining tests in the current suite: `Add To Cart`\n    at modifyErrMsg (https://www.saucedemo.com/__cypress/runner/cypress_runner.js:161163:15)\n    at Object.appendErrMsg (https://www.saucedemo.com/__cypress/runner/cypress_runner.js:161169:10)\n    at Runner.<anonymous> (https://www.saucedemo.com/__cypress/runner/cypress_runner.js:164873:76)\n    at Runner.emit (https://www.saucedemo.com/__cypress/runner/cypress_runner.js:20883:7)\n    at ../driver/node_modules/mocha/lib/runner.js.Runner.fail (https://www.saucedemo.com/__cypress/runner/cypress_runner.js:108412:8)\n    at Runner.fail (https://www.saucedemo.com/__cypress/runner/cypress_runner.js:163046:25)\n    at ../driver/node_modules/mocha/lib/runner.js.Runner.failHook (https://www.saucedemo.com/__cypress/runner/cypress_runner.js:108450:8)\n    at Hook.<anonymous> (https://www.saucedemo.com/__cypress/runner/cypress_runner.js:108524:14)\n    at next (https://www.saucedemo.com/__cypress/runner/cypress_runner.js:165309:24)\n    at https://www.saucedemo.com/__cypress/runner/cypress_runner.js:165338:13\n    at tryCatcher (https://www.saucedemo.com/__cypress/runner/cypress_runner.js:11327:23)\n    at Promise._settlePromiseFromHandler (https://www.saucedemo.com/__cypress/runner/cypress_runner.js:9262:31)\n    at Promise._settlePromise (https://www.saucedemo.com/__cypress/runner/cypress_runner.js:9319:18)\n    at Promise._settlePromise0 (https://www.saucedemo.com/__cypress/runner/cypress_runner.js:9364:10)\n    at Promise._settlePromises (https://www.saucedemo.com/__cypress/runner/cypress_runner.js:9444:18)\n    at Promise._fulfill (https://www.saucedemo.com/__cypress/runner/cypress_runner.js:9388:18)\n    at Promise._resolveCallback (https://www.saucedemo.com/__cypress/runner/cypress_runner.js:9182:57)\n    at Promise._settlePromiseFromHandler (https://www.saucedemo.com/__cypress/runner/cypress_runner.js:9274:17)\n    at Promise._settlePromise (https://www.saucedemo.com/__cypress/runner/cypress_runner.js:9319:18)\n    at Promise._settlePromise0 (https://www.saucedemo.com/__cypress/runner/cypress_runner.js:9364:10)\n    at Promise._settlePromises (https://www.saucedemo.com/__cypress/runner/cypress_runner.js:9444:18)\n    at Promise._fulfill (https://www.saucedemo.com/__cypress/runner/cypress_runner.js:9388:18)",
                "diff": null
              },
              "uuid": "c986aca8-aff0-4e88-9f4a-3cc7102f082a",
              "parentUUID": "3186d844-bb99-490a-907f-5cda273eeaad",
              "isHook": false,
              "skipped": false
            },
            {
              "title": "Should not checkout without inserting Postal Code",
              "fullTitle": "Add To Cart Should not checkout without inserting Postal Code",
              "timedOut": null,
              "duration": 0,
              "state": "skipped",
              "speed": null,
              "pass": false,
              "fail": false,
              "pending": false,
              "context": null,
              "code": "_login.default.login('standard_user', 'secret_sauce');\n_checkoutNoPostalCode.default.checkoutNoPostalCode('Mickayla', 'Crossdale');\ncy.get('.error-message-container.error').should('be.visible');",
              "err": {},
              "uuid": "3987216b-71e8-4888-a224-13df5177c640",
              "parentUUID": "3186d844-bb99-490a-907f-5cda273eeaad",
              "isHook": false,
              "skipped": true
            }
          ],
          "suites": [],
          "passes": [],
          "failures": [
            "805e008d-70ac-4453-bf16-d5eed542f196",
            "c986aca8-aff0-4e88-9f4a-3cc7102f082a"
          ],
          "pending": [],
          "skipped": [
            "3987216b-71e8-4888-a224-13df5177c640"
          ],
          "duration": 7935,
          "root": false,
          "rootEmpty": false,
          "_timeout": 2000
        }
      ],
      "passes": [],
      "failures": [],
      "pending": [],
      "skipped": [],
      "duration": 0,
      "root": true,
      "rootEmpty": true,
      "_timeout": 2000
    }
  ],
  "meta": {
    "mocha": {
      "version": "7.0.1"
    },
    "mochawesome": {
      "options": {
        "quiet": false,
        "reportFilename": "mochawesome",
        "saveHtml": false,
        "saveJson": true,
        "consoleReporter": "spec",
        "useInlineDiffs": false,
        "code": true
      },
      "version": "7.1.3"
    },
    "marge": {
      "options": {
        "reportDir": "cypress/reports",
        "overwrite": false,
        "html": false,
        "json": true
      },
      "version": "6.2.0"
    }
  }
}