{
  "stats": {
    "suites": 1,
    "tests": 1,
    "passes": 0,
    "pending": 0,
    "failures": 1,
    "start": "2022-12-07T01:03:12.435Z",
    "end": "2022-12-07T01:03:12.913Z",
    "duration": 478,
    "testsRegistered": 1,
    "passPercent": 0,
    "pendingPercent": 0,
    "other": 0,
    "hasOther": false,
    "skipped": 0,
    "hasSkipped": false
  },
  "results": [
    {
      "uuid": "c5abc697-9ad9-4cb3-ae2d-8f91332e898e",
      "title": "",
      "fullFile": "cypress\\e2e\\test\\addToCartMltple.cy.js",
      "file": "cypress\\e2e\\test\\addToCartMltple.cy.js",
      "beforeHooks": [],
      "afterHooks": [],
      "tests": [],
      "suites": [
        {
          "uuid": "20d4f374-0a11-4c2c-b79c-50f8601d4471",
          "title": "Add Multiple To Cart",
          "fullFile": "",
          "file": "",
          "beforeHooks": [],
          "afterHooks": [],
          "tests": [
            {
              "title": "Should add multiple items to cart",
              "fullTitle": "Add Multiple To Cart Should add multiple items to cart",
              "timedOut": null,
              "duration": 448,
              "state": "failed",
              "speed": null,
              "pass": false,
              "fail": true,
              "pending": false,
              "context": null,
              "code": "_addToCartMltple.default.addToCartMultiple('standard_user', 'secret_sauce');\ncy.get('#add-to-cart-sauce-labs-backpack').should('be.visible');\ncy.get('#add-to-cart-sauce-labs-bike-light').should('be.visible');\ncy.get('#add-to-cart-sauce-labs-fleece-jacket').should('be.visible');\ncy.get('#react-burger-menu-btn');",
              "err": {
                "message": "TypeError: Cannot set property message of  which has only a getter\n\nBecause this error occurred during a `before each` hook we are skipping the remaining tests in the current suite: `Add Multiple To Cart`",
                "estack": "TypeError: Cannot set property message of  which has only a getter\n\nBecause this error occurred during a `before each` hook we are skipping the remaining tests in the current suite: `Add Multiple To Cart`\n    at modifyErrMsg (https://www.saucedemo.com/__cypress/runner/cypress_runner.js:161163:15)\n    at Object.appendErrMsg (https://www.saucedemo.com/__cypress/runner/cypress_runner.js:161169:10)\n    at Runner.<anonymous> (https://www.saucedemo.com/__cypress/runner/cypress_runner.js:164873:76)\n    at Runner.emit (https://www.saucedemo.com/__cypress/runner/cypress_runner.js:20883:7)\n    at ../driver/node_modules/mocha/lib/runner.js.Runner.fail (https://www.saucedemo.com/__cypress/runner/cypress_runner.js:108412:8)\n    at Runner.fail (https://www.saucedemo.com/__cypress/runner/cypress_runner.js:163046:25)\n    at ../driver/node_modules/mocha/lib/runner.js.Runner.failHook (https://www.saucedemo.com/__cypress/runner/cypress_runner.js:108450:8)\n    at Hook.<anonymous> (https://www.saucedemo.com/__cypress/runner/cypress_runner.js:108524:14)\n    at next (https://www.saucedemo.com/__cypress/runner/cypress_runner.js:165309:24)\n    at https://www.saucedemo.com/__cypress/runner/cypress_runner.js:165338:13\n    at tryCatcher (https://www.saucedemo.com/__cypress/runner/cypress_runner.js:11327:23)\n    at Promise._settlePromiseFromHandler (https://www.saucedemo.com/__cypress/runner/cypress_runner.js:9262:31)\n    at Promise._settlePromise (https://www.saucedemo.com/__cypress/runner/cypress_runner.js:9319:18)\n    at Promise._settlePromise0 (https://www.saucedemo.com/__cypress/runner/cypress_runner.js:9364:10)\n    at Promise._settlePromises (https://www.saucedemo.com/__cypress/runner/cypress_runner.js:9444:18)\n    at Promise._fulfill (https://www.saucedemo.com/__cypress/runner/cypress_runner.js:9388:18)\n    at Promise._resolveCallback (https://www.saucedemo.com/__cypress/runner/cypress_runner.js:9182:57)\n    at Promise._settlePromiseFromHandler (https://www.saucedemo.com/__cypress/runner/cypress_runner.js:9274:17)\n    at Promise._settlePromise (https://www.saucedemo.com/__cypress/runner/cypress_runner.js:9319:18)\n    at Promise._settlePromise0 (https://www.saucedemo.com/__cypress/runner/cypress_runner.js:9364:10)\n    at Promise._settlePromises (https://www.saucedemo.com/__cypress/runner/cypress_runner.js:9444:18)\n    at Promise._fulfill (https://www.saucedemo.com/__cypress/runner/cypress_runner.js:9388:18)",
                "diff": null
              },
              "uuid": "d0105738-2008-45aa-946a-eada9d5eb4e5",
              "parentUUID": "20d4f374-0a11-4c2c-b79c-50f8601d4471",
              "isHook": false,
              "skipped": false
            }
          ],
          "suites": [],
          "passes": [],
          "failures": [
            "d0105738-2008-45aa-946a-eada9d5eb4e5"
          ],
          "pending": [],
          "skipped": [],
          "duration": 448,
          "root": false,
          "rootEmpty": false,
          "_timeout": 2000
        }
      ],
      "passes": [],
      "failures": [],
      "pending": [],
      "skipped": [],
      "duration": 0,
      "root": true,
      "rootEmpty": true,
      "_timeout": 2000
    }
  ],
  "meta": {
    "mocha": {
      "version": "7.0.1"
    },
    "mochawesome": {
      "options": {
        "quiet": false,
        "reportFilename": "mochawesome",
        "saveHtml": false,
        "saveJson": true,
        "consoleReporter": "spec",
        "useInlineDiffs": false,
        "code": true
      },
      "version": "7.1.3"
    },
    "marge": {
      "options": {
        "reportDir": "cypress/reports",
        "overwrite": false,
        "html": false,
        "json": true
      },
      "version": "6.2.0"
    }
  }
}