{
  "stats": {
    "suites": 1,
    "tests": 1,
    "passes": 0,
    "pending": 1,
    "failures": 0,
    "start": "2022-11-29T02:24:01.603Z",
    "end": "2022-11-29T02:24:01.629Z",
    "duration": 26,
    "testsRegistered": 1,
    "passPercent": null,
    "pendingPercent": 100,
    "other": 0,
    "hasOther": false,
    "skipped": 1,
    "hasSkipped": true
  },
  "results": [
    {
      "uuid": "c078dc5a-b846-40f5-97d2-a146badeff64",
      "title": "",
      "fullFile": "cypress\\e2e\\test\\addToCart.cy.js",
      "file": "cypress\\e2e\\test\\addToCart.cy.js",
      "beforeHooks": [],
      "afterHooks": [],
      "tests": [],
      "suites": [
        {
          "uuid": "df8b5063-b81b-4d5e-8ab1-0e135f5d4c23",
          "title": "Add To Cart",
          "fullFile": "",
          "file": "",
          "beforeHooks": [],
          "afterHooks": [],
          "tests": [
            {
              "title": "Should add an Item to cart",
              "fullTitle": "Add To Cart Should add an Item to cart",
              "timedOut": null,
              "duration": 0,
              "state": "pending",
              "speed": null,
              "pass": false,
              "fail": false,
              "pending": false,
              "context": null,
              "code": "_addToCart.default.addToCart('standard_user', 'secret_sauce');\ncy.get('#add-to-cart-sauce-labs-fleece-jacket').should('be.visible');",
              "err": {},
              "uuid": "0e8b2044-9873-46cc-b9db-ea50eb0a4fc3",
              "parentUUID": "df8b5063-b81b-4d5e-8ab1-0e135f5d4c23",
              "isHook": false,
              "skipped": true
            }
          ],
          "suites": [],
          "passes": [],
          "failures": [],
          "pending": [],
          "skipped": [
            "0e8b2044-9873-46cc-b9db-ea50eb0a4fc3"
          ],
          "duration": 0,
          "root": false,
          "rootEmpty": false,
          "_timeout": 2000
        }
      ],
      "passes": [],
      "failures": [],
      "pending": [],
      "skipped": [],
      "duration": 0,
      "root": true,
      "rootEmpty": true,
      "_timeout": 2000
    }
  ],
  "meta": {
    "mocha": {
      "version": "7.0.1"
    },
    "mochawesome": {
      "options": {
        "quiet": false,
        "reportFilename": "mochawesome",
        "saveHtml": false,
        "saveJson": true,
        "consoleReporter": "spec",
        "useInlineDiffs": false,
        "code": true
      },
      "version": "7.1.3"
    },
    "marge": {
      "options": {
        "reportDir": "cypress/reports",
        "overwrite": false,
        "html": false,
        "json": true
      },
      "version": "6.2.0"
    }
  }
}