{
  "stats": {
    "suites": 1,
    "tests": 1,
    "passes": 0,
    "pending": 0,
    "failures": 1,
    "start": "2022-12-02T16:40:35.375Z",
    "end": "2022-12-02T16:40:41.527Z",
    "duration": 6152,
    "testsRegistered": 1,
    "passPercent": 0,
    "pendingPercent": 0,
    "other": 0,
    "hasOther": false,
    "skipped": 0,
    "hasSkipped": false
  },
  "results": [
    {
      "uuid": "9398b415-99bf-488f-91d2-4f910a925e42",
      "title": "",
      "fullFile": "cypress\\e2e\\test\\removeItemCart.cy.js",
      "file": "cypress\\e2e\\test\\removeItemCart.cy.js",
      "beforeHooks": [],
      "afterHooks": [],
      "tests": [],
      "suites": [
        {
          "uuid": "259d2b0f-f5fa-4a53-be1d-6c61c59b6762",
          "title": "Remove Item from Cart",
          "fullFile": "",
          "file": "",
          "beforeHooks": [],
          "afterHooks": [],
          "tests": [
            {
              "title": "Should remove an Item to cart",
              "fullTitle": "Remove Item from Cart Should remove an Item to cart",
              "timedOut": null,
              "duration": 6075,
              "state": "failed",
              "speed": null,
              "pass": false,
              "fail": true,
              "pending": false,
              "context": null,
              "code": "_removeItemCart.default.removeFromCart('standard_user', 'secret_sauce');\ncy.get('#remove-sauce-labs-backpack').should('be.visible');\ncy.get('#react-burger-menu-btn');",
              "err": {
                "message": "AssertionError: Timed out retrying after 4000ms: Expected to find element: `#remove-sauce-labs-backpack`, but never found it.",
                "estack": "AssertionError: Timed out retrying after 4000ms: Expected to find element: `#remove-sauce-labs-backpack`, but never found it.\n    at removeFromCart (webpack:///./cypress/e2e/page/removeItemCart.page.js:15:11)\n    at Context.eval (webpack:///./cypress/e2e/test/removeItemCart.cy.js:11:27)",
                "diff": null
              },
              "uuid": "62608cb8-4f86-4eb7-944f-ee1a69a018f8",
              "parentUUID": "259d2b0f-f5fa-4a53-be1d-6c61c59b6762",
              "isHook": false,
              "skipped": false
            }
          ],
          "suites": [],
          "passes": [],
          "failures": [
            "62608cb8-4f86-4eb7-944f-ee1a69a018f8"
          ],
          "pending": [],
          "skipped": [],
          "duration": 6075,
          "root": false,
          "rootEmpty": false,
          "_timeout": 2000
        }
      ],
      "passes": [],
      "failures": [],
      "pending": [],
      "skipped": [],
      "duration": 0,
      "root": true,
      "rootEmpty": true,
      "_timeout": 2000
    }
  ],
  "meta": {
    "mocha": {
      "version": "7.0.1"
    },
    "mochawesome": {
      "options": {
        "quiet": false,
        "reportFilename": "mochawesome",
        "saveHtml": false,
        "saveJson": true,
        "consoleReporter": "spec",
        "useInlineDiffs": false,
        "code": true
      },
      "version": "7.1.3"
    },
    "marge": {
      "options": {
        "reportDir": "cypress/reports",
        "overwrite": false,
        "html": false,
        "json": true
      },
      "version": "6.2.0"
    }
  }
}