{
  "stats": {
    "suites": 1,
    "tests": 2,
    "passes": 0,
    "pending": 0,
    "failures": 2,
    "start": "2022-12-02T18:54:53.913Z",
    "end": "2022-12-02T18:54:58.319Z",
    "duration": 4406,
    "testsRegistered": 2,
    "passPercent": 0,
    "pendingPercent": 0,
    "other": 0,
    "hasOther": false,
    "skipped": 0,
    "hasSkipped": false
  },
  "results": [
    {
      "uuid": "852e7b50-64d9-4ee9-91a0-070aab93ba88",
      "title": "",
      "fullFile": "cypress\\e2e\\test\\sort.cy.js",
      "file": "cypress\\e2e\\test\\sort.cy.js",
      "beforeHooks": [],
      "afterHooks": [],
      "tests": [],
      "suites": [
        {
          "uuid": "ead0d775-21d8-40a0-86ce-c5a84706cc69",
          "title": "Filter",
          "fullFile": "",
          "file": "",
          "beforeHooks": [],
          "afterHooks": [],
          "tests": [
            {
              "title": "should sort product list from low-high",
              "fullTitle": "Filter should sort product list from low-high",
              "timedOut": null,
              "duration": 2437,
              "state": "failed",
              "speed": null,
              "pass": false,
              "fail": true,
              "pending": false,
              "context": null,
              "code": "_login.default.login('standard_user', 'secret_sauce');\ncy.get('.product_sort_container').select('lohi');\nvar productPrice = [29.99, 9.99, 15.99, 49.99, 7.99, 15.99];\nproductPrice.sort().reverse();\ncy.get('.inventory_item_price').each(($elem, index) => {\n  expect($elem.text().replace('$', '')).equal(productPrice[index]);\n});",
              "err": {
                "message": "AssertionError: expected '7.99' to equal 9.99",
                "estack": "AssertionError: expected '7.99' to equal 9.99\n    at Context.eval (webpack:///./cypress/e2e/test/sort.cy.js:30:49)",
                "diff": "- '7.99'\n+ 9.99\n"
              },
              "uuid": "eaa9f34f-0233-45f4-ab37-c19621ec13fa",
              "parentUUID": "ead0d775-21d8-40a0-86ce-c5a84706cc69",
              "isHook": false,
              "skipped": false
            },
            {
              "title": "should sort product list from high-low",
              "fullTitle": "Filter should sort product list from high-low",
              "timedOut": null,
              "duration": 1860,
              "state": "failed",
              "speed": null,
              "pass": false,
              "fail": true,
              "pending": false,
              "context": null,
              "code": "_login.default.login('standard_user', 'secret_sauce');\ncy.get('.product_sort_container').select('hilo');\nvar productPrice = [29.99, 9.99, 15.99, 49.99, 7.99, 15.99];\nproductPrice.sort().reverse();\ncy.get('.inventory_item_price').each(($elem, index) => {\n  expect($elem.text()).equal(productPrice[index]);\n});",
              "err": {
                "message": "AssertionError: expected '$49.99' to equal 9.99",
                "estack": "AssertionError: expected '$49.99' to equal 9.99\n    at Context.eval (webpack:///./cypress/e2e/test/sort.cy.js:55:33)",
                "diff": "- '$49.99'\n+ 9.99\n"
              },
              "uuid": "9b58273f-c910-424f-8130-8f66636cfb4b",
              "parentUUID": "ead0d775-21d8-40a0-86ce-c5a84706cc69",
              "isHook": false,
              "skipped": false
            }
          ],
          "suites": [],
          "passes": [],
          "failures": [
            "eaa9f34f-0233-45f4-ab37-c19621ec13fa",
            "9b58273f-c910-424f-8130-8f66636cfb4b"
          ],
          "pending": [],
          "skipped": [],
          "duration": 4297,
          "root": false,
          "rootEmpty": false,
          "_timeout": 2000
        }
      ],
      "passes": [],
      "failures": [],
      "pending": [],
      "skipped": [],
      "duration": 0,
      "root": true,
      "rootEmpty": true,
      "_timeout": 2000
    }
  ],
  "meta": {
    "mocha": {
      "version": "7.0.1"
    },
    "mochawesome": {
      "options": {
        "quiet": false,
        "reportFilename": "mochawesome",
        "saveHtml": false,
        "saveJson": true,
        "consoleReporter": "spec",
        "useInlineDiffs": false,
        "code": true
      },
      "version": "7.1.3"
    },
    "marge": {
      "options": {
        "reportDir": "cypress/reports",
        "overwrite": false,
        "html": false,
        "json": true
      },
      "version": "6.2.0"
    }
  }
}