{
  "stats": {
    "suites": 1,
    "tests": 1,
    "passes": 0,
    "pending": 2,
    "failures": -1,
    "start": "2022-12-01T15:40:35.754Z",
    "end": "2022-12-01T15:40:35.787Z",
    "duration": 33,
    "testsRegistered": 2,
    "passPercent": null,
    "pendingPercent": 100,
    "other": 1,
    "hasOther": true,
    "skipped": 2,
    "hasSkipped": true
  },
  "results": [
    {
      "uuid": "45c5fa72-7c80-4be6-930b-e1620b09d1c4",
      "title": "",
      "fullFile": "cypress\\e2e\\test\\login.cy.js",
      "file": "cypress\\e2e\\test\\login.cy.js",
      "beforeHooks": [],
      "afterHooks": [],
      "tests": [],
      "suites": [
        {
          "uuid": "6f71a82c-78be-4c1f-a4fe-b1703c2edc8b",
          "title": "login",
          "fullFile": "",
          "file": "",
          "beforeHooks": [],
          "afterHooks": [],
          "tests": [
            {
              "title": "Should login with valid credentials",
              "fullTitle": "login Should login with valid credentials",
              "timedOut": null,
              "duration": 0,
              "state": "pending",
              "speed": null,
              "pass": false,
              "fail": false,
              "pending": false,
              "context": null,
              "code": "_login.default.login('standard_user', 'secret_sauce');\ncy.get('.inventory_item_name').should('be.visible');",
              "err": {},
              "uuid": "ccc0c7ab-a6c7-4e1e-8b88-801556767ce3",
              "parentUUID": "6f71a82c-78be-4c1f-a4fe-b1703c2edc8b",
              "isHook": false,
              "skipped": true
            },
            {
              "title": "Should login with invalid credentials",
              "fullTitle": "login Should login with invalid credentials",
              "timedOut": null,
              "duration": 0,
              "state": "pending",
              "speed": null,
              "pass": false,
              "fail": false,
              "pending": false,
              "context": null,
              "code": "_login.default.login('standard_user', 'secret_sauce');\ncy.get('.inventory_item_name').should('be.visible');",
              "err": {},
              "uuid": "b94ebede-eed4-4d90-bf62-147fca235df3",
              "parentUUID": "6f71a82c-78be-4c1f-a4fe-b1703c2edc8b",
              "isHook": false,
              "skipped": true
            }
          ],
          "suites": [],
          "passes": [],
          "failures": [],
          "pending": [],
          "skipped": [
            "ccc0c7ab-a6c7-4e1e-8b88-801556767ce3",
            "b94ebede-eed4-4d90-bf62-147fca235df3"
          ],
          "duration": 0,
          "root": false,
          "rootEmpty": false,
          "_timeout": 2000
        }
      ],
      "passes": [],
      "failures": [],
      "pending": [],
      "skipped": [],
      "duration": 0,
      "root": true,
      "rootEmpty": true,
      "_timeout": 2000
    }
  ],
  "meta": {
    "mocha": {
      "version": "7.0.1"
    },
    "mochawesome": {
      "options": {
        "quiet": false,
        "reportFilename": "mochawesome",
        "saveHtml": false,
        "saveJson": true,
        "consoleReporter": "spec",
        "useInlineDiffs": false,
        "code": true
      },
      "version": "7.1.3"
    },
    "marge": {
      "options": {
        "reportDir": "cypress/reports",
        "overwrite": false,
        "html": false,
        "json": true
      },
      "version": "6.2.0"
    }
  }
}