{
  "stats": {
    "suites": 1,
    "tests": 1,
    "passes": 0,
    "pending": 1,
    "failures": 0,
    "start": "2022-12-03T15:18:43.088Z",
    "end": "2022-12-03T15:18:43.118Z",
    "duration": 30,
    "testsRegistered": 1,
    "passPercent": null,
    "pendingPercent": 100,
    "other": 0,
    "hasOther": false,
    "skipped": 1,
    "hasSkipped": true
  },
  "results": [
    {
      "uuid": "476f3209-34f7-4ff0-8bcc-fb75c2d26afb",
      "title": "",
      "fullFile": "cypress\\e2e\\test\\removeFromCart.cy.js",
      "file": "cypress\\e2e\\test\\removeFromCart.cy.js",
      "beforeHooks": [],
      "afterHooks": [],
      "tests": [],
      "suites": [
        {
          "uuid": "ed97c5d2-89ee-47b7-8207-4d903b193e4a",
          "title": "Remove Item from Cart",
          "fullFile": "",
          "file": "",
          "beforeHooks": [],
          "afterHooks": [],
          "tests": [
            {
              "title": "Should remove an Item to cart",
              "fullTitle": "Remove Item from Cart Should remove an Item to cart",
              "timedOut": null,
              "duration": 0,
              "state": "pending",
              "speed": null,
              "pass": false,
              "fail": false,
              "pending": false,
              "context": null,
              "code": "_login.default.login('standard_user', 'secret_sauce');\n_removeFromCart.default.removeFromCart();\ncy.get('.title').should('be.visible');",
              "err": {},
              "uuid": "ffee24af-9426-464f-a31f-cbbfe0b69cc9",
              "parentUUID": "ed97c5d2-89ee-47b7-8207-4d903b193e4a",
              "isHook": false,
              "skipped": true
            }
          ],
          "suites": [],
          "passes": [],
          "failures": [],
          "pending": [],
          "skipped": [
            "ffee24af-9426-464f-a31f-cbbfe0b69cc9"
          ],
          "duration": 0,
          "root": false,
          "rootEmpty": false,
          "_timeout": 2000
        }
      ],
      "passes": [],
      "failures": [],
      "pending": [],
      "skipped": [],
      "duration": 0,
      "root": true,
      "rootEmpty": true,
      "_timeout": 2000
    }
  ],
  "meta": {
    "mocha": {
      "version": "7.0.1"
    },
    "mochawesome": {
      "options": {
        "quiet": false,
        "reportFilename": "mochawesome",
        "saveHtml": false,
        "saveJson": true,
        "consoleReporter": "spec",
        "useInlineDiffs": false,
        "code": true
      },
      "version": "7.1.3"
    },
    "marge": {
      "options": {
        "reportDir": "cypress/reports",
        "overwrite": false,
        "html": false,
        "json": true
      },
      "version": "6.2.0"
    }
  }
}