{
  "stats": {
    "suites": 1,
    "tests": 2,
    "passes": 1,
    "pending": 0,
    "failures": 1,
    "start": "2022-11-30T16:17:40.433Z",
    "end": "2022-11-30T16:17:48.419Z",
    "duration": 7986,
    "testsRegistered": 2,
    "passPercent": 50,
    "pendingPercent": 0,
    "other": 0,
    "hasOther": false,
    "skipped": 0,
    "hasSkipped": false
  },
  "results": [
    {
      "uuid": "caf3251a-dd4b-48fe-9637-c782d1faefdb",
      "title": "",
      "fullFile": "cypress\\e2e\\test\\addToCart.cy.js",
      "file": "cypress\\e2e\\test\\addToCart.cy.js",
      "beforeHooks": [],
      "afterHooks": [],
      "tests": [],
      "suites": [
        {
          "uuid": "fbf9f828-bbb7-4f01-b3f5-3ac40cb35020",
          "title": "Add To Cart",
          "fullFile": "",
          "file": "",
          "beforeHooks": [],
          "afterHooks": [],
          "tests": [
            {
              "title": "Should add an Item to cart",
              "fullTitle": "Add To Cart Should add an Item to cart",
              "timedOut": null,
              "duration": 1675,
              "state": "passed",
              "speed": "fast",
              "pass": true,
              "fail": false,
              "pending": false,
              "context": null,
              "code": "_addToCart.default.addToCart('standard_user', 'secret_sauce');\ncy.get('#add-to-cart-sauce-labs-fleece-jacket').should('be.visible');\ncy.get('#react-burger-menu-btn');",
              "err": {},
              "uuid": "ee2595cf-590a-43d5-90f4-92e813abd2c3",
              "parentUUID": "fbf9f828-bbb7-4f01-b3f5-3ac40cb35020",
              "isHook": false,
              "skipped": false
            },
            {
              "title": "Should add multiple items to cart",
              "fullTitle": "Add To Cart Should add multiple items to cart",
              "timedOut": null,
              "duration": 6186,
              "state": "failed",
              "speed": null,
              "pass": false,
              "fail": true,
              "pending": false,
              "context": null,
              "code": "_addToCart.default.addToCart('standard_user', 'secret_sauce'); //Add Multiple Items to cart\n\ncy.get('#add-to-cart-sauce-labs-fleece-jacket').click();\ncy.get('#add-to-cart-sauce-labs-bike-light').click();\ncy.get('#add-to-cart-sauce-labs-bolt-t-shirt').click(); //Logout after items are added to cart as part of the workflow\ncy.get('#react-burger-menu-btn').click();\ncy.get('#logout_sidebar_link').click();\nit.only('Should checkout with multiple items in cart', () => {\n  _addToCart.default.addToCart('standard_user', 'secret_sauce'); //Add Multiple Items to cart\n\n  cy.get('#add-to-cart-sauce-labs-fleece-jacket').click();\n  cy.get('#add-to-cart-sauce-labs-bike-light').click();\n  cy.get('#add-to-cart-sauce-labs-bolt-t-shirt').click();\n  cy.get('[class=\"shopping_cart_container\"]').click();\n  cy.get('#checkout').click(); //check out work flow\n  _checkout.default.checkout('Mickayla', 'Crossdale', 'JMACE25');\n  cy.get('#continue').click;\n  cy.get('#finish').click;\n  cy.get('.complete-header').should('be.visible');\n});",
              "err": {
                "message": "CypressError: Timed out retrying after 4050ms: `cy.click()` failed because this element is not visible:\n\n`<a id=\"logout_sidebar_link\" class=\"bm-item menu-item\" href=\"#\" tabindex=\"0\" style=\"display: block;\">Logout</a>`\n\nThis element `<a#logout_sidebar_link.bm-item.menu-item>` is not visible because its parent `<div.bm-menu-wrap>` has CSS property: `display: none`\n\nFix this problem, or use `{force: true}` to disable error checking.\n\nhttps://on.cypress.io/element-cannot-be-interacted-with",
                "estack": "CypressError: Timed out retrying after 4050ms: `cy.click()` failed because this element is not visible:\n\n`<a id=\"logout_sidebar_link\" class=\"bm-item menu-item\" href=\"#\" tabindex=\"0\" style=\"display: block;\">Logout</a>`\n\nThis element `<a#logout_sidebar_link.bm-item.menu-item>` is not visible because its parent `<div.bm-menu-wrap>` has CSS property: `display: none`\n\nFix this problem, or use `{force: true}` to disable error checking.\n\nhttps://on.cypress.io/element-cannot-be-interacted-with\n    at runVisibilityCheck (https://www.saucedemo.com/__cypress/runner/cypress_runner.js:147810:76)\n    at $Cy.ensureStrictVisibility (https://www.saucedemo.com/__cypress/runner/cypress_runner.js:147826:12)\n    at runAllChecks (https://www.saucedemo.com/__cypress/runner/cypress_runner.js:133531:14)\n    at retryActionability (https://www.saucedemo.com/__cypress/runner/cypress_runner.js:133586:16)\n    at tryCatcher (https://www.saucedemo.com/__cypress/runner/cypress_runner.js:11327:23)\n    at Promise.attempt.Promise.try (https://www.saucedemo.com/__cypress/runner/cypress_runner.js:8601:29)\n    at whenStable (https://www.saucedemo.com/__cypress/runner/cypress_runner.js:153059:65)\n    at <unknown> (https://www.saucedemo.com/__cypress/runner/cypress_runner.js:152468:14)\n    at tryCatcher (https://www.saucedemo.com/__cypress/runner/cypress_runner.js:11327:23)\n    at Promise._settlePromiseFromHandler (https://www.saucedemo.com/__cypress/runner/cypress_runner.js:9262:31)\n    at Promise._settlePromise (https://www.saucedemo.com/__cypress/runner/cypress_runner.js:9319:18)\n    at Promise._settlePromise0 (https://www.saucedemo.com/__cypress/runner/cypress_runner.js:9364:10)\n    at Promise._settlePromises (https://www.saucedemo.com/__cypress/runner/cypress_runner.js:9444:18)\n    at Promise._fulfill (https://www.saucedemo.com/__cypress/runner/cypress_runner.js:9388:18)\n    at <unknown> (https://www.saucedemo.com/__cypress/runner/cypress_runner.js:11002:46)\nFrom Your Spec Code:\n    at Context.eval (webpack:///./cypress/e2e/test/addToCart.cy.js:25:39)",
                "diff": null
              },
              "uuid": "2fc44adf-a569-43fe-a816-4aa5329d53ec",
              "parentUUID": "fbf9f828-bbb7-4f01-b3f5-3ac40cb35020",
              "isHook": false,
              "skipped": false
            }
          ],
          "suites": [],
          "passes": [
            "ee2595cf-590a-43d5-90f4-92e813abd2c3"
          ],
          "failures": [
            "2fc44adf-a569-43fe-a816-4aa5329d53ec"
          ],
          "pending": [],
          "skipped": [],
          "duration": 7861,
          "root": false,
          "rootEmpty": false,
          "_timeout": 2000
        }
      ],
      "passes": [],
      "failures": [],
      "pending": [],
      "skipped": [],
      "duration": 0,
      "root": true,
      "rootEmpty": true,
      "_timeout": 2000
    }
  ],
  "meta": {
    "mocha": {
      "version": "7.0.1"
    },
    "mochawesome": {
      "options": {
        "quiet": false,
        "reportFilename": "mochawesome",
        "saveHtml": false,
        "saveJson": true,
        "consoleReporter": "spec",
        "useInlineDiffs": false,
        "code": true
      },
      "version": "7.1.3"
    },
    "marge": {
      "options": {
        "reportDir": "cypress/reports",
        "overwrite": false,
        "html": false,
        "json": true
      },
      "version": "6.2.0"
    }
  }
}