{
  "stats": {
    "suites": 1,
    "tests": 1,
    "passes": 0,
    "pending": 0,
    "failures": 1,
    "start": "2022-12-01T16:24:29.137Z",
    "end": "2022-12-01T16:24:32.294Z",
    "duration": 3157,
    "testsRegistered": 1,
    "passPercent": 0,
    "pendingPercent": 0,
    "other": 0,
    "hasOther": false,
    "skipped": 0,
    "hasSkipped": false
  },
  "results": [
    {
      "uuid": "91103a1b-827b-4f4d-a1a0-72894a9de717",
      "title": "",
      "fullFile": "cypress\\e2e\\test\\sort.cy.js",
      "file": "cypress\\e2e\\test\\sort.cy.js",
      "beforeHooks": [],
      "afterHooks": [],
      "tests": [],
      "suites": [
        {
          "uuid": "d64b376b-4200-4f39-985f-c4e9a9d4e142",
          "title": "Filter",
          "fullFile": "",
          "file": "",
          "beforeHooks": [],
          "afterHooks": [],
          "tests": [
            {
              "title": "should sort product list from low-high",
              "fullTitle": "Filter should sort product list from low-high",
              "timedOut": null,
              "duration": 3012,
              "state": "failed",
              "speed": null,
              "pass": false,
              "fail": true,
              "pending": false,
              "context": null,
              "code": "_login.default.login('standard_user', 'secret_sauce');\ncy.get('.product_sort_container').select('lohi');\nvar productList = ['Test.allTheThings() T-Shirt (Red)', 'Sauce Labs Onesie', 'Sauce Labs Fleece Jacket', 'Sauce Labs Bolt T-Shirt', 'Sauce Labs Bike Light', 'Sauce Labs Backpack '];\nproductList.sort().reverse();\ncy.get('.inventory_item_name').each(($elem, index) => {\n  expect($elem.text()).equal(productList[index]);\n});",
              "err": {
                "message": "AssertionError: expected 'Sauce Labs Onesie' to equal 'Test.allTheThings() T-Shirt (Red)'",
                "estack": "AssertionError: expected 'Sauce Labs Onesie' to equal 'Test.allTheThings() T-Shirt (Red)'\n    at Context.eval (webpack:///./cypress/e2e/test/sort.cy.js:30:33)",
                "diff": "- 'Sauce Labs Onesie'\n+ 'Test.allTheThings() T-Shirt (Red)'\n"
              },
              "uuid": "c20c18e7-6dbd-41f4-b2d9-4a9933c28baa",
              "parentUUID": "d64b376b-4200-4f39-985f-c4e9a9d4e142",
              "isHook": false,
              "skipped": false
            }
          ],
          "suites": [],
          "passes": [],
          "failures": [
            "c20c18e7-6dbd-41f4-b2d9-4a9933c28baa"
          ],
          "pending": [],
          "skipped": [],
          "duration": 3012,
          "root": false,
          "rootEmpty": false,
          "_timeout": 2000
        }
      ],
      "passes": [],
      "failures": [],
      "pending": [],
      "skipped": [],
      "duration": 0,
      "root": true,
      "rootEmpty": true,
      "_timeout": 2000
    }
  ],
  "meta": {
    "mocha": {
      "version": "7.0.1"
    },
    "mochawesome": {
      "options": {
        "quiet": false,
        "reportFilename": "mochawesome",
        "saveHtml": false,
        "saveJson": true,
        "consoleReporter": "spec",
        "useInlineDiffs": false,
        "code": true
      },
      "version": "7.1.3"
    },
    "marge": {
      "options": {
        "reportDir": "cypress/reports",
        "overwrite": false,
        "html": false,
        "json": true
      },
      "version": "6.2.0"
    }
  }
}