{
  "stats": {
    "suites": 1,
    "tests": 1,
    "passes": 1,
    "pending": 0,
    "failures": 0,
    "start": "2022-11-30T02:59:57.357Z",
    "end": "2022-11-30T02:59:59.329Z",
    "duration": 1972,
    "testsRegistered": 1,
    "passPercent": 100,
    "pendingPercent": 0,
    "other": 0,
    "hasOther": false,
    "skipped": 0,
    "hasSkipped": false
  },
  "results": [
    {
      "uuid": "d04a1ded-8540-4180-b2a2-6b76f1a45eb8",
      "title": "",
      "fullFile": "cypress\\e2e\\test\\addToCart.cy.js",
      "file": "cypress\\e2e\\test\\addToCart.cy.js",
      "beforeHooks": [],
      "afterHooks": [],
      "tests": [],
      "suites": [
        {
          "uuid": "42c62a38-0413-4f39-a40d-8ced24f5a046",
          "title": "Add To Cart",
          "fullFile": "",
          "file": "",
          "beforeHooks": [],
          "afterHooks": [],
          "tests": [
            {
              "title": "Should add an Item to cart",
              "fullTitle": "Add To Cart Should add an Item to cart",
              "timedOut": null,
              "duration": 1817,
              "state": "passed",
              "speed": "fast",
              "pass": true,
              "fail": false,
              "pending": false,
              "context": null,
              "code": "_addToCart.default.addToCart('standard_user', 'secret_sauce');\ncy.get('#add-to-cart-sauce-labs-fleece-jacket').should('be.visible');\ncy.get('#react-burger-menu-btn');",
              "err": {},
              "uuid": "8be3efa7-e3cd-4d0d-abc0-b9028f793647",
              "parentUUID": "42c62a38-0413-4f39-a40d-8ced24f5a046",
              "isHook": false,
              "skipped": false
            }
          ],
          "suites": [],
          "passes": [
            "8be3efa7-e3cd-4d0d-abc0-b9028f793647"
          ],
          "failures": [],
          "pending": [],
          "skipped": [],
          "duration": 1817,
          "root": false,
          "rootEmpty": false,
          "_timeout": 2000
        }
      ],
      "passes": [],
      "failures": [],
      "pending": [],
      "skipped": [],
      "duration": 0,
      "root": true,
      "rootEmpty": true,
      "_timeout": 2000
    }
  ],
  "meta": {
    "mocha": {
      "version": "7.0.1"
    },
    "mochawesome": {
      "options": {
        "quiet": false,
        "reportFilename": "mochawesome",
        "saveHtml": false,
        "saveJson": true,
        "consoleReporter": "spec",
        "useInlineDiffs": false,
        "code": true
      },
      "version": "7.1.3"
    },
    "marge": {
      "options": {
        "reportDir": "cypress/reports",
        "overwrite": false,
        "html": false,
        "json": true
      },
      "version": "6.2.0"
    }
  }
}