{
  "stats": {
    "suites": 1,
    "tests": 1,
    "passes": 0,
    "pending": 2,
    "failures": -1,
    "start": "2022-12-03T15:21:33.940Z",
    "end": "2022-12-03T15:21:33.971Z",
    "duration": 31,
    "testsRegistered": 2,
    "passPercent": null,
    "pendingPercent": 100,
    "other": 1,
    "hasOther": true,
    "skipped": 2,
    "hasSkipped": true
  },
  "results": [
    {
      "uuid": "b0d7b3e3-8703-4da0-88bb-f96dc3dbf98b",
      "title": "",
      "fullFile": "cypress\\e2e\\test\\sort.cy.js",
      "file": "cypress\\e2e\\test\\sort.cy.js",
      "beforeHooks": [],
      "afterHooks": [],
      "tests": [],
      "suites": [
        {
          "uuid": "e054f208-ef1f-4faf-88f8-789e069dfa4f",
          "title": "Filter",
          "fullFile": "",
          "file": "",
          "beforeHooks": [],
          "afterHooks": [],
          "tests": [
            {
              "title": "should sort product list from low-high",
              "fullTitle": "Filter should sort product list from low-high",
              "timedOut": null,
              "duration": 0,
              "state": "pending",
              "speed": null,
              "pass": false,
              "fail": false,
              "pending": false,
              "context": null,
              "code": "_login.default.login('standard_user', 'secret_sauce');\ncy.get('.product_sort_container').select('lohi');\nvar productPrice = [29.99, 9.99, 15.99, 49.99, 7.99, 15.99];\nproductPrice.sort();\ncy.get('.inventory_item_price').each(($elem, index) => {\n  expect($elem.text().replace('$', '')).equal(productPrice[index]);\n});",
              "err": {},
              "uuid": "1507b3e5-bcb2-4c33-8bce-5371fe61c243",
              "parentUUID": "e054f208-ef1f-4faf-88f8-789e069dfa4f",
              "isHook": false,
              "skipped": true
            },
            {
              "title": "should sort product list from high-low",
              "fullTitle": "Filter should sort product list from high-low",
              "timedOut": null,
              "duration": 0,
              "state": "pending",
              "speed": null,
              "pass": false,
              "fail": false,
              "pending": false,
              "context": null,
              "code": "_login.default.login('standard_user', 'secret_sauce');\ncy.get('.product_sort_container').select('hilo');\nvar productPrice = [29.99, 9.99, 15.99, 49.99, 7.99, 15.99];\nproductPrice.sort().reverse();\ncy.get('.inventory_item_price').each(($elem, index) => {\n  expect($elem.text()).equal(productPrice[index]);\n});",
              "err": {},
              "uuid": "1b8f0fb8-3f43-40af-9607-01dea9d92da7",
              "parentUUID": "e054f208-ef1f-4faf-88f8-789e069dfa4f",
              "isHook": false,
              "skipped": true
            }
          ],
          "suites": [],
          "passes": [],
          "failures": [],
          "pending": [],
          "skipped": [
            "1507b3e5-bcb2-4c33-8bce-5371fe61c243",
            "1b8f0fb8-3f43-40af-9607-01dea9d92da7"
          ],
          "duration": 0,
          "root": false,
          "rootEmpty": false,
          "_timeout": 2000
        }
      ],
      "passes": [],
      "failures": [],
      "pending": [],
      "skipped": [],
      "duration": 0,
      "root": true,
      "rootEmpty": true,
      "_timeout": 2000
    }
  ],
  "meta": {
    "mocha": {
      "version": "7.0.1"
    },
    "mochawesome": {
      "options": {
        "quiet": false,
        "reportFilename": "mochawesome",
        "saveHtml": false,
        "saveJson": true,
        "consoleReporter": "spec",
        "useInlineDiffs": false,
        "code": true
      },
      "version": "7.1.3"
    },
    "marge": {
      "options": {
        "reportDir": "cypress/reports",
        "overwrite": false,
        "html": false,
        "json": true
      },
      "version": "6.2.0"
    }
  }
}