{
  "stats": {
    "suites": 1,
    "tests": 1,
    "passes": 0,
    "pending": 2,
    "failures": -1,
    "start": "2022-12-01T15:36:30.917Z",
    "end": "2022-12-01T15:36:30.944Z",
    "duration": 27,
    "testsRegistered": 2,
    "passPercent": null,
    "pendingPercent": 100,
    "other": 1,
    "hasOther": true,
    "skipped": 2,
    "hasSkipped": true
  },
  "results": [
    {
      "uuid": "53dae32f-04ee-4fe1-bb35-f4acaaf9e7cd",
      "title": "",
      "fullFile": "cypress\\e2e\\test\\login.cy.js",
      "file": "cypress\\e2e\\test\\login.cy.js",
      "beforeHooks": [],
      "afterHooks": [],
      "tests": [],
      "suites": [
        {
          "uuid": "ee76c593-8e89-434f-8724-1bcd02fda033",
          "title": "login",
          "fullFile": "",
          "file": "",
          "beforeHooks": [],
          "afterHooks": [],
          "tests": [
            {
              "title": "Should login with valid credentials",
              "fullTitle": "login Should login with valid credentials",
              "timedOut": null,
              "duration": 0,
              "state": "pending",
              "speed": null,
              "pass": false,
              "fail": false,
              "pending": false,
              "context": null,
              "code": "_login.default.login('standard_user', 'secret_sauce');\ncy.get('.inventory_item_name').should('be.visible');",
              "err": {},
              "uuid": "b3fa15df-07f2-45fd-b819-d9d92eec7ce4",
              "parentUUID": "ee76c593-8e89-434f-8724-1bcd02fda033",
              "isHook": false,
              "skipped": true
            },
            {
              "title": "Should login with invalid credentials",
              "fullTitle": "login Should login with invalid credentials",
              "timedOut": null,
              "duration": 0,
              "state": "pending",
              "speed": null,
              "pass": false,
              "fail": false,
              "pending": false,
              "context": null,
              "code": "_login.default.login('standard_user', 'secret_sauce');\ncy.get('.inventory_item_name').should('be.visible');",
              "err": {},
              "uuid": "d9e70e23-ee07-4126-8836-49d3d06ebfe6",
              "parentUUID": "ee76c593-8e89-434f-8724-1bcd02fda033",
              "isHook": false,
              "skipped": true
            }
          ],
          "suites": [],
          "passes": [],
          "failures": [],
          "pending": [],
          "skipped": [
            "b3fa15df-07f2-45fd-b819-d9d92eec7ce4",
            "d9e70e23-ee07-4126-8836-49d3d06ebfe6"
          ],
          "duration": 0,
          "root": false,
          "rootEmpty": false,
          "_timeout": 2000
        }
      ],
      "passes": [],
      "failures": [],
      "pending": [],
      "skipped": [],
      "duration": 0,
      "root": true,
      "rootEmpty": true,
      "_timeout": 2000
    }
  ],
  "meta": {
    "mocha": {
      "version": "7.0.1"
    },
    "mochawesome": {
      "options": {
        "quiet": false,
        "reportFilename": "mochawesome",
        "saveHtml": false,
        "saveJson": true,
        "consoleReporter": "spec",
        "useInlineDiffs": false,
        "code": true
      },
      "version": "7.1.3"
    },
    "marge": {
      "options": {
        "reportDir": "cypress/reports",
        "overwrite": false,
        "html": false,
        "json": true
      },
      "version": "6.2.0"
    }
  }
}