{
  "stats": {
    "suites": 1,
    "tests": 1,
    "passes": 0,
    "pending": 1,
    "failures": 0,
    "start": "2022-12-02T18:54:46.603Z",
    "end": "2022-12-02T18:54:46.649Z",
    "duration": 46,
    "testsRegistered": 1,
    "passPercent": null,
    "pendingPercent": 100,
    "other": 0,
    "hasOther": false,
    "skipped": 1,
    "hasSkipped": true
  },
  "results": [
    {
      "uuid": "2ea3ece8-9355-46bb-a467-e12acafe8034",
      "title": "",
      "fullFile": "cypress\\e2e\\test\\removeItemCart.cy.js",
      "file": "cypress\\e2e\\test\\removeItemCart.cy.js",
      "beforeHooks": [],
      "afterHooks": [],
      "tests": [],
      "suites": [
        {
          "uuid": "0dc2b124-ea94-495f-b3f2-c7a62dd5c943",
          "title": "Remove Item from Cart",
          "fullFile": "",
          "file": "",
          "beforeHooks": [],
          "afterHooks": [],
          "tests": [
            {
              "title": "Should remove an Item to cart",
              "fullTitle": "Remove Item from Cart Should remove an Item to cart",
              "timedOut": null,
              "duration": 0,
              "state": "pending",
              "speed": null,
              "pass": false,
              "fail": false,
              "pending": false,
              "context": null,
              "code": "_removeItemCart.default.removeFromCart('standard_user', 'secret_sauce');\ncy.get('#remove-sauce-labs-backpack').should('be.visible');\ncy.get('#react-burger-menu-btn');",
              "err": {},
              "uuid": "861e3e52-2af5-429f-b732-1e2ea09e9c97",
              "parentUUID": "0dc2b124-ea94-495f-b3f2-c7a62dd5c943",
              "isHook": false,
              "skipped": true
            }
          ],
          "suites": [],
          "passes": [],
          "failures": [],
          "pending": [],
          "skipped": [
            "861e3e52-2af5-429f-b732-1e2ea09e9c97"
          ],
          "duration": 0,
          "root": false,
          "rootEmpty": false,
          "_timeout": 2000
        }
      ],
      "passes": [],
      "failures": [],
      "pending": [],
      "skipped": [],
      "duration": 0,
      "root": true,
      "rootEmpty": true,
      "_timeout": 2000
    }
  ],
  "meta": {
    "mocha": {
      "version": "7.0.1"
    },
    "mochawesome": {
      "options": {
        "quiet": false,
        "reportFilename": "mochawesome",
        "saveHtml": false,
        "saveJson": true,
        "consoleReporter": "spec",
        "useInlineDiffs": false,
        "code": true
      },
      "version": "7.1.3"
    },
    "marge": {
      "options": {
        "reportDir": "cypress/reports",
        "overwrite": false,
        "html": false,
        "json": true
      },
      "version": "6.2.0"
    }
  }
}