{
  "stats": {
    "suites": 1,
    "tests": 2,
    "passes": 0,
    "pending": 0,
    "failures": 2,
    "start": "2022-12-02T18:48:15.903Z",
    "end": "2022-12-02T18:48:20.585Z",
    "duration": 4682,
    "testsRegistered": 2,
    "passPercent": 0,
    "pendingPercent": 0,
    "other": 0,
    "hasOther": false,
    "skipped": 0,
    "hasSkipped": false
  },
  "results": [
    {
      "uuid": "c28d4dcc-b98b-4abf-b993-e2c9ad845573",
      "title": "",
      "fullFile": "cypress\\e2e\\test\\sort.cy.js",
      "file": "cypress\\e2e\\test\\sort.cy.js",
      "beforeHooks": [],
      "afterHooks": [],
      "tests": [],
      "suites": [
        {
          "uuid": "9ff0b5ae-e69c-4b14-8d3b-1321fa7a69b1",
          "title": "Filter",
          "fullFile": "",
          "file": "",
          "beforeHooks": [],
          "afterHooks": [],
          "tests": [
            {
              "title": "should sort product list from low-high",
              "fullTitle": "Filter should sort product list from low-high",
              "timedOut": null,
              "duration": 2517,
              "state": "failed",
              "speed": null,
              "pass": false,
              "fail": true,
              "pending": false,
              "context": null,
              "code": "_login.default.login('standard_user', 'secret_sauce');\ncy.get('.product_sort_container').select('lohi');\nvar productPrice = [29.99, 9.99, 15.99, 49.99, 7.99, 15.99];\nproductPrice.sort();\ncy.get('.inventory_item_price').each(($elem, index) => {\n  expect($elem.text()).equal(productPrice[index]);\n});",
              "err": {
                "message": "AssertionError: expected '$7.99' to equal 15.99",
                "estack": "AssertionError: expected '$7.99' to equal 15.99\n    at Context.eval (webpack:///./cypress/e2e/test/sort.cy.js:30:33)",
                "diff": "- '$7.99'\n+ 15.99\n"
              },
              "uuid": "f7eb1ced-01f5-4c88-b797-c8d372b75235",
              "parentUUID": "9ff0b5ae-e69c-4b14-8d3b-1321fa7a69b1",
              "isHook": false,
              "skipped": false
            },
            {
              "title": "should sort product list from high-low",
              "fullTitle": "Filter should sort product list from high-low",
              "timedOut": null,
              "duration": 2021,
              "state": "failed",
              "speed": null,
              "pass": false,
              "fail": true,
              "pending": false,
              "context": null,
              "code": "_login.default.login('standard_user', 'secret_sauce');\ncy.get('.product_sort_container').select('hilo');\nvar productPrice = [29.99, 9.99, 15.99, 49.99, 7.99, 15.99];\nproductPrice.sort().reverse();\ncy.get('.inventory_item_price').each(($elem, index) => {\n  expect($elem.text()).equal(productPrice[index]);\n});",
              "err": {
                "message": "AssertionError: expected '$49.99' to equal 9.99",
                "estack": "AssertionError: expected '$49.99' to equal 9.99\n    at Context.eval (webpack:///./cypress/e2e/test/sort.cy.js:55:33)",
                "diff": "- '$49.99'\n+ 9.99\n"
              },
              "uuid": "9b92b643-960d-42e0-b8db-8efe88a1013b",
              "parentUUID": "9ff0b5ae-e69c-4b14-8d3b-1321fa7a69b1",
              "isHook": false,
              "skipped": false
            }
          ],
          "suites": [],
          "passes": [],
          "failures": [
            "f7eb1ced-01f5-4c88-b797-c8d372b75235",
            "9b92b643-960d-42e0-b8db-8efe88a1013b"
          ],
          "pending": [],
          "skipped": [],
          "duration": 4538,
          "root": false,
          "rootEmpty": false,
          "_timeout": 2000
        }
      ],
      "passes": [],
      "failures": [],
      "pending": [],
      "skipped": [],
      "duration": 0,
      "root": true,
      "rootEmpty": true,
      "_timeout": 2000
    }
  ],
  "meta": {
    "mocha": {
      "version": "7.0.1"
    },
    "mochawesome": {
      "options": {
        "quiet": false,
        "reportFilename": "mochawesome",
        "saveHtml": false,
        "saveJson": true,
        "consoleReporter": "spec",
        "useInlineDiffs": false,
        "code": true
      },
      "version": "7.1.3"
    },
    "marge": {
      "options": {
        "reportDir": "cypress/reports",
        "overwrite": false,
        "html": false,
        "json": true
      },
      "version": "6.2.0"
    }
  }
}