{
  "stats": {
    "suites": 1,
    "tests": 2,
    "passes": 0,
    "pending": 0,
    "failures": 2,
    "start": "2022-12-02T18:44:39.066Z",
    "end": "2022-12-02T18:44:42.730Z",
    "duration": 3664,
    "testsRegistered": 2,
    "passPercent": 0,
    "pendingPercent": 0,
    "other": 0,
    "hasOther": false,
    "skipped": 0,
    "hasSkipped": false
  },
  "results": [
    {
      "uuid": "3dccac6b-10a9-457b-9d72-a927506a258f",
      "title": "",
      "fullFile": "cypress\\e2e\\test\\sort.cy.js",
      "file": "cypress\\e2e\\test\\sort.cy.js",
      "beforeHooks": [],
      "afterHooks": [],
      "tests": [],
      "suites": [
        {
          "uuid": "1954b5af-b6c7-47c2-96db-acda40f35fbe",
          "title": "Filter",
          "fullFile": "",
          "file": "",
          "beforeHooks": [],
          "afterHooks": [],
          "tests": [
            {
              "title": "should sort product list from low-high",
              "fullTitle": "Filter should sort product list from low-high",
              "timedOut": null,
              "duration": 2405,
              "state": "failed",
              "speed": null,
              "pass": false,
              "fail": true,
              "pending": false,
              "context": null,
              "code": "_login.default.login('standard_user', 'secret_sauce');\ncy.get('.product_sort_container').select('lohi');\nvar productPrice = [29.99, 9.99, 15.99, 49.99, 7.99, 15.99];\nproductPrice.sort();\ncy.get('.inventory_item_price').each(($elem, index) => {\n  expect($elem.text()).reverse(productPrice[index]);\n});",
              "err": {
                "message": "Error: Invalid Chai property: reverse",
                "estack": "Error: Invalid Chai property: reverse\n    at Object.proxyGetter [as get] (https://www.saucedemo.com/__cypress/runner/cypress_runner.js:83353:17)\n    at Context.callback (https://www.saucedemo.com/__cypress/runner/cypress_runner.js:139638:26)\n    at getRet (https://www.saucedemo.com/__cypress/runner/cypress_runner.js:139235:20)\n    at tryCatcher (https://www.saucedemo.com/__cypress/runner/cypress_runner.js:11327:23)\n    at Promise.attempt.Promise.try (https://www.saucedemo.com/__cypress/runner/cypress_runner.js:8601:29)\n    at thenFn (https://www.saucedemo.com/__cypress/runner/cypress_runner.js:139249:63)\n    at yieldItem (https://www.saucedemo.com/__cypress/runner/cypress_runner.js:139647:16)\n    at tryCatcher (https://www.saucedemo.com/__cypress/runner/cypress_runner.js:11327:23)\n    at Object.gotValue (https://www.saucedemo.com/__cypress/runner/cypress_runner.js:10469:18)\n    at Object.gotAccum (https://www.saucedemo.com/__cypress/runner/cypress_runner.js:10458:25)\n    at Object.tryCatcher (https://www.saucedemo.com/__cypress/runner/cypress_runner.js:11327:23)\n    at Promise._settlePromiseFromHandler (https://www.saucedemo.com/__cypress/runner/cypress_runner.js:9262:31)\n    at Promise._settlePromise (https://www.saucedemo.com/__cypress/runner/cypress_runner.js:9319:18)\n    at Promise._settlePromiseCtx (https://www.saucedemo.com/__cypress/runner/cypress_runner.js:9356:10)\n    at _drainQueueStep (https://www.saucedemo.com/__cypress/runner/cypress_runner.js:6038:12)\n    at _drainQueue (https://www.saucedemo.com/__cypress/runner/cypress_runner.js:6027:9)\n    at ../../node_modules/bluebird/js/release/async.js.Async._drainQueues (https://www.saucedemo.com/__cypress/runner/cypress_runner.js:6043:5)\n    at Async.drainQueues (https://www.saucedemo.com/__cypress/runner/cypress_runner.js:5913:14)\nFrom Your Spec Code:\n    at Context.eval (webpack:///./cypress/e2e/test/sort.cy.js:30:12)",
                "diff": null
              },
              "uuid": "e6149d63-1912-4280-a0b0-9a026e3ecb2e",
              "parentUUID": "1954b5af-b6c7-47c2-96db-acda40f35fbe",
              "isHook": false,
              "skipped": false
            },
            {
              "title": "should sort product list from high-low",
              "fullTitle": "Filter should sort product list from high-low",
              "timedOut": null,
              "duration": 1135,
              "state": "failed",
              "speed": null,
              "pass": false,
              "fail": true,
              "pending": false,
              "context": null,
              "code": "_login.default.login('standard_user', 'secret_sauce');\ncy.get('.product_sort_container').select('hilo');\nvar productPrice = ['29.99', '9.99', '15.99', '49.99', '7.99', '15.99'];\nproductPrice.sort().each();\ncy.get('.inventory_item_price').each(($elem, index) => {\n  expect($elem.text()).equal(productPrice[index]);\n});",
              "err": {
                "message": "TypeError: productPrice.sort(...).each is not a function",
                "estack": "TypeError: productPrice.sort(...).each is not a function\n    at Context.eval (webpack:///./cypress/e2e/test/sort.cy.js:52:28)",
                "diff": null
              },
              "uuid": "c74c9dde-f3e2-4af1-9fb5-ff3483d158fc",
              "parentUUID": "1954b5af-b6c7-47c2-96db-acda40f35fbe",
              "isHook": false,
              "skipped": false
            }
          ],
          "suites": [],
          "passes": [],
          "failures": [
            "e6149d63-1912-4280-a0b0-9a026e3ecb2e",
            "c74c9dde-f3e2-4af1-9fb5-ff3483d158fc"
          ],
          "pending": [],
          "skipped": [],
          "duration": 3540,
          "root": false,
          "rootEmpty": false,
          "_timeout": 2000
        }
      ],
      "passes": [],
      "failures": [],
      "pending": [],
      "skipped": [],
      "duration": 0,
      "root": true,
      "rootEmpty": true,
      "_timeout": 2000
    }
  ],
  "meta": {
    "mocha": {
      "version": "7.0.1"
    },
    "mochawesome": {
      "options": {
        "quiet": false,
        "reportFilename": "mochawesome",
        "saveHtml": false,
        "saveJson": true,
        "consoleReporter": "spec",
        "useInlineDiffs": false,
        "code": true
      },
      "version": "7.1.3"
    },
    "marge": {
      "options": {
        "reportDir": "cypress/reports",
        "overwrite": false,
        "html": false,
        "json": true
      },
      "version": "6.2.0"
    }
  }
}