{
  "stats": {
    "suites": 1,
    "tests": 1,
    "passes": 0,
    "pending": 1,
    "failures": 0,
    "start": "2022-11-30T01:10:45.650Z",
    "end": "2022-11-30T01:10:45.683Z",
    "duration": 33,
    "testsRegistered": 1,
    "passPercent": null,
    "pendingPercent": 100,
    "other": 0,
    "hasOther": false,
    "skipped": 1,
    "hasSkipped": true
  },
  "results": [
    {
      "uuid": "ed0ddffd-d3b8-4abd-aba2-17496fb8abdd",
      "title": "",
      "fullFile": "cypress\\e2e\\test\\addToCartMltple.cy.js",
      "file": "cypress\\e2e\\test\\addToCartMltple.cy.js",
      "beforeHooks": [],
      "afterHooks": [],
      "tests": [],
      "suites": [
        {
          "uuid": "00998ccc-c5a7-436b-aa80-70ec69feb7cc",
          "title": "Add Multiple To Cart",
          "fullFile": "",
          "file": "",
          "beforeHooks": [],
          "afterHooks": [],
          "tests": [
            {
              "title": "Should add multiple items to cart",
              "fullTitle": "Add Multiple To Cart Should add multiple items to cart",
              "timedOut": null,
              "duration": 0,
              "state": "pending",
              "speed": null,
              "pass": false,
              "fail": false,
              "pending": false,
              "context": null,
              "code": "_addToCartMltple.default.addToCartMultiple('standard_user', 'secret_sauce');\ncy.get('#add-to-cart-sauce-labs-backpack').should('be.visible');\ncy.get('#add-to-cart-sauce-labs-bike-light').should('be.visible');\ncy.get('#add-to-cart-sauce-labs-fleece-jacket').should('be.visible');",
              "err": {},
              "uuid": "3a6a19e8-c009-4fa9-829e-241e6f4f9bcd",
              "parentUUID": "00998ccc-c5a7-436b-aa80-70ec69feb7cc",
              "isHook": false,
              "skipped": true
            }
          ],
          "suites": [],
          "passes": [],
          "failures": [],
          "pending": [],
          "skipped": [
            "3a6a19e8-c009-4fa9-829e-241e6f4f9bcd"
          ],
          "duration": 0,
          "root": false,
          "rootEmpty": false,
          "_timeout": 2000
        }
      ],
      "passes": [],
      "failures": [],
      "pending": [],
      "skipped": [],
      "duration": 0,
      "root": true,
      "rootEmpty": true,
      "_timeout": 2000
    }
  ],
  "meta": {
    "mocha": {
      "version": "7.0.1"
    },
    "mochawesome": {
      "options": {
        "quiet": false,
        "reportFilename": "mochawesome",
        "saveHtml": false,
        "saveJson": true,
        "consoleReporter": "spec",
        "useInlineDiffs": false,
        "code": true
      },
      "version": "7.1.3"
    },
    "marge": {
      "options": {
        "reportDir": "cypress/reports",
        "overwrite": false,
        "html": false,
        "json": true
      },
      "version": "6.2.0"
    }
  }
}