{
  "stats": {
    "suites": 1,
    "tests": 2,
    "passes": 1,
    "pending": 0,
    "failures": 1,
    "start": "2022-11-30T04:48:49.643Z",
    "end": "2022-11-30T04:48:57.168Z",
    "duration": 7525,
    "testsRegistered": 2,
    "passPercent": 50,
    "pendingPercent": 0,
    "other": 0,
    "hasOther": false,
    "skipped": 0,
    "hasSkipped": false
  },
  "results": [
    {
      "uuid": "b5a496a6-1d87-4ec0-8580-f8014f47c47f",
      "title": "",
      "fullFile": "cypress\\e2e\\test\\addToCart.cy.js",
      "file": "cypress\\e2e\\test\\addToCart.cy.js",
      "beforeHooks": [],
      "afterHooks": [],
      "tests": [],
      "suites": [
        {
          "uuid": "cbfa5a4d-55fb-442c-aaa6-ca61f5b435dd",
          "title": "Add To Cart",
          "fullFile": "",
          "file": "",
          "beforeHooks": [],
          "afterHooks": [],
          "tests": [
            {
              "title": "Should add an Item to cart",
              "fullTitle": "Add To Cart Should add an Item to cart",
              "timedOut": null,
              "duration": 1649,
              "state": "passed",
              "speed": "fast",
              "pass": true,
              "fail": false,
              "pending": false,
              "context": null,
              "code": "_addToCart.default.addToCart('standard_user', 'secret_sauce');\ncy.get('#add-to-cart-sauce-labs-fleece-jacket').should('be.visible');\ncy.get('#react-burger-menu-btn');",
              "err": {},
              "uuid": "5ffb1a5f-7b7f-42dd-8c0f-2052215c94dd",
              "parentUUID": "cbfa5a4d-55fb-442c-aaa6-ca61f5b435dd",
              "isHook": false,
              "skipped": false
            },
            {
              "title": "Should add multiple items to cart",
              "fullTitle": "Add To Cart Should add multiple items to cart",
              "timedOut": null,
              "duration": 5806,
              "state": "failed",
              "speed": null,
              "pass": false,
              "fail": true,
              "pending": false,
              "context": null,
              "code": "_addToCart.default.addToCart('standard_user', 'secret_sauce');\ncy.get('#add-to-cart-sauce-labs-fleece-jacket').click();\ncy.get('#add-to-cart-sauce-labs-bike-light').click();\ncy.get('#add-to-cart-sauce-labs-bolt-t-shirt').click();\ncy.get('#react-burger-menu-btn').click();\ncy.get('logout_sidebar_link').click();",
              "err": {
                "message": "AssertionError: Timed out retrying after 4000ms: Expected to find element: `logout_sidebar_link`, but never found it.",
                "estack": "AssertionError: Timed out retrying after 4000ms: Expected to find element: `logout_sidebar_link`, but never found it.\n    at Context.eval (webpack:///./cypress/e2e/test/addToCart.cy.js:22:11)",
                "diff": null
              },
              "uuid": "c020baa7-ee8e-4202-9ed2-cc6d4c3370d8",
              "parentUUID": "cbfa5a4d-55fb-442c-aaa6-ca61f5b435dd",
              "isHook": false,
              "skipped": false
            }
          ],
          "suites": [],
          "passes": [
            "5ffb1a5f-7b7f-42dd-8c0f-2052215c94dd"
          ],
          "failures": [
            "c020baa7-ee8e-4202-9ed2-cc6d4c3370d8"
          ],
          "pending": [],
          "skipped": [],
          "duration": 7455,
          "root": false,
          "rootEmpty": false,
          "_timeout": 2000
        }
      ],
      "passes": [],
      "failures": [],
      "pending": [],
      "skipped": [],
      "duration": 0,
      "root": true,
      "rootEmpty": true,
      "_timeout": 2000
    }
  ],
  "meta": {
    "mocha": {
      "version": "7.0.1"
    },
    "mochawesome": {
      "options": {
        "quiet": false,
        "reportFilename": "mochawesome",
        "saveHtml": false,
        "saveJson": true,
        "consoleReporter": "spec",
        "useInlineDiffs": false,
        "code": true
      },
      "version": "7.1.3"
    },
    "marge": {
      "options": {
        "reportDir": "cypress/reports",
        "overwrite": false,
        "html": false,
        "json": true
      },
      "version": "6.2.0"
    }
  }
}