{
  "stats": {
    "suites": 1,
    "tests": 1,
    "passes": 0,
    "pending": 2,
    "failures": -1,
    "start": "2022-11-30T16:47:32.255Z",
    "end": "2022-11-30T16:47:32.286Z",
    "duration": 31,
    "testsRegistered": 2,
    "passPercent": null,
    "pendingPercent": 100,
    "other": 1,
    "hasOther": true,
    "skipped": 2,
    "hasSkipped": true
  },
  "results": [
    {
      "uuid": "777b100f-19b7-465f-ae51-c573107ca35c",
      "title": "",
      "fullFile": "cypress\\e2e\\test\\addToCart.cy.js",
      "file": "cypress\\e2e\\test\\addToCart.cy.js",
      "beforeHooks": [],
      "afterHooks": [],
      "tests": [],
      "suites": [
        {
          "uuid": "0cf7a85e-458b-4178-9ebd-6776dd04acd4",
          "title": "Add To Cart",
          "fullFile": "",
          "file": "",
          "beforeHooks": [],
          "afterHooks": [],
          "tests": [
            {
              "title": "Should add an Item to cart",
              "fullTitle": "Add To Cart Should add an Item to cart",
              "timedOut": null,
              "duration": 0,
              "state": "pending",
              "speed": null,
              "pass": false,
              "fail": false,
              "pending": false,
              "context": null,
              "code": "addToCartPage.addToCart('standard_user', 'secret_sauce');\ncy.get('#add-to-cart-sauce-labs-fleece-jacket').should('be.visible');\ncy.get('#react-burger-menu-btn');",
              "err": {},
              "uuid": "1812bbe3-a455-4968-aed7-2dd4dc83df79",
              "parentUUID": "0cf7a85e-458b-4178-9ebd-6776dd04acd4",
              "isHook": false,
              "skipped": true
            },
            {
              "title": "Should add multiple items to cart",
              "fullTitle": "Add To Cart Should add multiple items to cart",
              "timedOut": null,
              "duration": 0,
              "state": "pending",
              "speed": null,
              "pass": false,
              "fail": false,
              "pending": false,
              "context": null,
              "code": "addToCartPage.addToCart('standard_user', 'secret_sauce'); //Add Multiple Items to cart\ncy.get('#add-to-cart-sauce-labs-fleece-jacket').click();\ncy.get('#add-to-cart-sauce-labs-bike-light').click();\ncy.get('#add-to-cart-sauce-labs-bolt-t-shirt').click(); //Logout after items are added to cart as part of the workflow\ncy.get('#react-burger-menu-btn').click();\ncy.get('#logout_sidebar_link').click();\nit.only('Should checkout with multiple items in cart', () => {\n  _login.default.login('standard_user', 'secret_sauce');\n  _checkout.default.checkout('Mickayla', 'Crossdale', 'JMACE25');\n  cy.get('.complete-header').should('be.visible');\n});",
              "err": {},
              "uuid": "7e45ea99-2aa8-42f9-9820-42b49444fc57",
              "parentUUID": "0cf7a85e-458b-4178-9ebd-6776dd04acd4",
              "isHook": false,
              "skipped": true
            }
          ],
          "suites": [],
          "passes": [],
          "failures": [],
          "pending": [],
          "skipped": [
            "1812bbe3-a455-4968-aed7-2dd4dc83df79",
            "7e45ea99-2aa8-42f9-9820-42b49444fc57"
          ],
          "duration": 0,
          "root": false,
          "rootEmpty": false,
          "_timeout": 2000
        }
      ],
      "passes": [],
      "failures": [],
      "pending": [],
      "skipped": [],
      "duration": 0,
      "root": true,
      "rootEmpty": true,
      "_timeout": 2000
    }
  ],
  "meta": {
    "mocha": {
      "version": "7.0.1"
    },
    "mochawesome": {
      "options": {
        "quiet": false,
        "reportFilename": "mochawesome",
        "saveHtml": false,
        "saveJson": true,
        "consoleReporter": "spec",
        "useInlineDiffs": false,
        "code": true
      },
      "version": "7.1.3"
    },
    "marge": {
      "options": {
        "reportDir": "cypress/reports",
        "overwrite": false,
        "html": false,
        "json": true
      },
      "version": "6.2.0"
    }
  }
}