{
  "stats": {
    "suites": 1,
    "tests": 1,
    "passes": 0,
    "pending": 0,
    "failures": 1,
    "start": "2022-12-01T17:09:52.853Z",
    "end": "2022-12-01T17:09:54.237Z",
    "duration": 1384,
    "testsRegistered": 1,
    "passPercent": 0,
    "pendingPercent": 0,
    "other": 0,
    "hasOther": false,
    "skipped": 0,
    "hasSkipped": false
  },
  "results": [
    {
      "uuid": "9989977e-2f49-4516-b15e-7af8ff76f81c",
      "title": "",
      "fullFile": "cypress\\e2e\\test\\sort.cy.js",
      "file": "cypress\\e2e\\test\\sort.cy.js",
      "beforeHooks": [],
      "afterHooks": [],
      "tests": [],
      "suites": [
        {
          "uuid": "95abf3a6-fabc-440f-aa16-6e4752e54daf",
          "title": "Filter",
          "fullFile": "",
          "file": "",
          "beforeHooks": [],
          "afterHooks": [],
          "tests": [
            {
              "title": "should sort product list from low-high",
              "fullTitle": "Filter should sort product list from low-high",
              "timedOut": null,
              "duration": 1324,
              "state": "failed",
              "speed": null,
              "pass": false,
              "fail": true,
              "pending": false,
              "context": null,
              "code": "_login.default.login('standard_user', 'secret_sauce');\ncy.get('.product_sort_container').select('lohi');\nvar productPrice = ['29.99', '9.99', '15.99', '49.99', '7.99', '15.99'];\nproductPrice.sort().each();\ncy.get('.inventory_item_price').each(($elem, index) => {\n  expect($elem.text()).equal(productPrice[index]);\n});",
              "err": {
                "message": "TypeError: productPrice.sort(...).each is not a function",
                "estack": "TypeError: productPrice.sort(...).each is not a function\n    at Context.eval (webpack:///./cypress/e2e/test/sort.cy.js:27:28)",
                "diff": null
              },
              "uuid": "d5a1832a-a654-468c-b430-bb1eda3cbd68",
              "parentUUID": "95abf3a6-fabc-440f-aa16-6e4752e54daf",
              "isHook": false,
              "skipped": false
            }
          ],
          "suites": [],
          "passes": [],
          "failures": [
            "d5a1832a-a654-468c-b430-bb1eda3cbd68"
          ],
          "pending": [],
          "skipped": [],
          "duration": 1324,
          "root": false,
          "rootEmpty": false,
          "_timeout": 2000
        }
      ],
      "passes": [],
      "failures": [],
      "pending": [],
      "skipped": [],
      "duration": 0,
      "root": true,
      "rootEmpty": true,
      "_timeout": 2000
    }
  ],
  "meta": {
    "mocha": {
      "version": "7.0.1"
    },
    "mochawesome": {
      "options": {
        "quiet": false,
        "reportFilename": "mochawesome",
        "saveHtml": false,
        "saveJson": true,
        "consoleReporter": "spec",
        "useInlineDiffs": false,
        "code": true
      },
      "version": "7.1.3"
    },
    "marge": {
      "options": {
        "reportDir": "cypress/reports",
        "overwrite": false,
        "html": false,
        "json": true
      },
      "version": "6.2.0"
    }
  }
}